This file contains any messages produced by compilers while
running configure, to aid debugging if configure makes a mistake.

It was created by libtheoraplayer configure 1.0, which was
generated by GNU Autoconf 2.64.  Invocation command line was

  $ ./configure 

## --------- ##
## Platform. ##
## --------- ##

hostname = linux-u5j7
uname -m = x86_64
uname -r = 4.5.0-1-default
uname -s = Linux
uname -v = #1 SMP PREEMPT Wed Mar 16 17:30:21 UTC 2016 (b2c9ae5)

/usr/bin/uname -p = x86_64
/bin/uname -X     = unknown

/bin/arch              = x86_64
/usr/bin/arch -k       = unknown
/usr/convex/getsysinfo = unknown
/usr/bin/hostinfo      = unknown
/bin/machine           = unknown
/usr/bin/oslevel       = unknown
/bin/universe          = unknown

PATH: /usr/local/bin
PATH: /usr/bin
PATH: /bin
PATH: /usr/bin/X11
PATH: /usr/games
PATH: /opt/kde3/bin
PATH: /usr/lib/mit/bin
PATH: /usr/lib/mit/sbin


## ----------- ##
## Core tests. ##
## ----------- ##

configure:2632: loading site script /usr/share/site/x86_64-unknown-linux-gnu
| #!/bin/sh
| # Site script for configure. It is resourced via $CONFIG_SITE environment varaible.
| 
| # If user did not specify libdir, guess the correct target:
| # Use lib64 for 64 bit bi-arch targets, keep the default for the rest.
| if test "$libdir" = '${exec_prefix}/lib' ; then
| 
| 	ac_config_site_64bit_host=NONE
| 
| 	case "$host" in
| 	"" )
| 		# User did not specify host target.
| 		# The native platform x86_64 is a bi-arch platform.
| 		# Try to detect cross-compilation to inferior architecture.
| 
| 		# We are trying to guess 32-bit target compilation. It's not as easy as
| 		# it sounds, as there is possible several intermediate combinations.
| 		ac_config_site_cross_to_32bit_host=NONE
| 
| 		# User defined -m32 in CFLAGS or CXXFLAGS or CC or CXX:
| 		# (It's sufficient for 32-bit, but alone may cause mis-behavior of some checks.)
| 		case "$CFLAGS $CXXFLAGS $CC $CXX" in
| 		*-m32*)
| 			ac_config_site_cross_to_32bit_host=YES
| 			;;
| 		esac
| 
| 		# Running with linux32:
| 		# (Changes detected platform, but not the toolchain target.)
| 		case "`/bin/uname -i`" in
| 		x86_64 | ppc64 | s390x )
| 			;;
| 		* )
| 			ac_config_site_cross_to_32bit_host=YES
| 			;;
| 		esac
| 
| 		if test "x$ac_config_site_cross_to_32bit_host" = xNONE; then
| 			ac_config_site_64bit_host=YES
| 		fi
| 
| 		;;
| 	*x86_64* | *ppc64* | *s390x* )
| 		ac_config_site_64bit_host=YES
| 		;;
| 	esac
| 
| 	if test "x$ac_config_site_64bit_host" = xYES; then
| 		libdir='${exec_prefix}/lib64'
| 	fi
| fi
| 
| # If user did not specify libexecdir, set the correct target:
| # Nor FHS nor openSUSE allow prefix/libexec. Let's default to prefix/lib.
| 
| if test "$libexecdir" = '${exec_prefix}/libexec' ; then
| 	libexecdir='${exec_prefix}/lib'
| fi
| 
| # Continue with the standard behavior of configure defined in AC_SITE_LOAD:
| if test "x$prefix" != xNONE; then
| 	ac_site_file1=$prefix/share/config.site
| 	ac_site_file2=$prefix/etc/config.site
| else
| 	ac_site_file1=$ac_default_prefix/share/config.site
| 	ac_site_file2=$ac_default_prefix/etc/config.site
| fi
| for ac_site_file in "$ac_site_file1" "$ac_site_file2"
| do
| 	test "x$ac_site_file" = xNONE && continue
| 	if test /dev/null != "$ac_site_file" && test -r "$ac_site_file"; then
| 		{ $as_echo "/usr/share/site/x86_64-unknown-linux-gnu:${as_lineno-$LINENO}: loading site script $ac_site_file" >&5
| $as_echo "/usr/share/site/x86_64-unknown-linux-gnu: loading site script $ac_site_file" >&6;}
| 		sed 's/^/| /' "$ac_site_file" >&5
| 		. "$ac_site_file" \
| 			|| { { $as_echo "/usr/share/site/x86_64-unknown-linux-gnu:${as_lineno-$LINENO}: error: in \`$ac_pwd':" >&5
| $as_echo "/usr/share/site/x86_64-unknown-linux-gnu: error: in \`$ac_pwd':" >&2;}
| as_fn_error $? "failed to load site script $ac_site_file
| See \`config.log' for more details" "$LINENO" 5; }
| 	fi
| done
configure:2764: checking for a BSD-compatible install
configure:2832: result: /usr/bin/install -c
configure:2843: checking whether build environment is sane
configure:2893: result: yes
configure:3034: checking for a thread-safe mkdir -p
configure:3073: result: /usr/bin/mkdir -p
configure:3086: checking for gawk
configure:3102: found /usr/bin/gawk
configure:3113: result: gawk
configure:3124: checking whether make sets $(MAKE)
configure:3146: result: yes
configure:3278: checking for gcc
configure:3294: found /usr/bin/gcc
configure:3305: result: gcc
configure:3534: checking for C compiler version
configure:3543: gcc --version >&5
gcc (SUSE Linux) 5.3.1 20151207 [gcc-5-branch revision 231355]
Copyright (C) 2015 Free Software Foundation, Inc.
This is free software; see the source for copying conditions.  There is NO
warranty; not even for MERCHANTABILITY or FITNESS FOR A PARTICULAR PURPOSE.

configure:3554: $? = 0
configure:3543: gcc -v >&5
Using built-in specs.
COLLECT_GCC=gcc
COLLECT_LTO_WRAPPER=/usr/lib64/gcc/x86_64-suse-linux/5/lto-wrapper
Target: x86_64-suse-linux
Configured with: ../configure --prefix=/usr --infodir=/usr/share/info --mandir=/usr/share/man --libdir=/usr/lib64 --libexecdir=/usr/lib64 --enable-languages=c,c++,objc,fortran,obj-c++,java,ada,go --enable-checking=release --with-gxx-include-dir=/usr/include/c++/5 --enable-ssp --disable-libssp --disable-libvtv --enable-libmpx --disable-plugin --with-bugurl=http://bugs.opensuse.org/ --with-pkgversion='SUSE Linux' --disable-libgcj --with-slibdir=/lib64 --with-system-zlib --enable-__cxa_atexit --enable-libstdcxx-allocator=new --disable-libstdcxx-pch --enable-version-specific-runtime-libs --enable-linker-build-id --enable-linux-futex --program-suffix=-5 --without-system-libunwind --enable-multilib --with-arch-32=x86-64 --with-tune=generic --build=x86_64-suse-linux --host=x86_64-suse-linux
Thread model: posix
gcc version 5.3.1 20151207 [gcc-5-branch revision 231355] (SUSE Linux) 
configure:3554: $? = 0
configure:3543: gcc -V >&5
gcc: error: unrecognized command line option '-V'
gcc: fatal error: no input files
compilation terminated.
configure:3554: $? = 1
configure:3543: gcc -qversion >&5
gcc: error: unrecognized command line option '-qversion'
gcc: fatal error: no input files
compilation terminated.
configure:3554: $? = 1
configure:3576: checking for C compiler default output file name
configure:3598: gcc    conftest.c  >&5
configure:3602: $? = 0
configure:3639: result: a.out
configure:3655: checking whether the C compiler works
configure:3664: ./a.out
configure:3668: $? = 0
configure:3683: result: yes
configure:3690: checking whether we are cross compiling
configure:3692: result: no
configure:3695: checking for suffix of executables
configure:3702: gcc -o conftest    conftest.c  >&5
configure:3706: $? = 0
configure:3728: result: 
configure:3734: checking for suffix of object files
configure:3756: gcc -c   conftest.c >&5
configure:3760: $? = 0
configure:3781: result: o
configure:3785: checking whether we are using the GNU C compiler
configure:3804: gcc -c   conftest.c >&5
configure:3804: $? = 0
configure:3813: result: yes
configure:3822: checking whether gcc accepts -g
configure:3842: gcc -c -g  conftest.c >&5
configure:3842: $? = 0
configure:3883: result: yes
configure:3900: checking for gcc option to accept ISO C89
configure:3964: gcc  -c -g -O2  conftest.c >&5
configure:3964: $? = 0
configure:3977: result: none needed
configure:4008: checking for style of include used by make
configure:4036: result: GNU
configure:4061: checking dependency style of gcc
configure:4171: result: gcc3
configure:4244: checking for g++
configure:4260: found /usr/bin/g++
configure:4271: result: g++
configure:4298: checking for C++ compiler version
configure:4307: g++ --version >&5
g++ (SUSE Linux) 5.3.1 20151207 [gcc-5-branch revision 231355]
Copyright (C) 2015 Free Software Foundation, Inc.
This is free software; see the source for copying conditions.  There is NO
warranty; not even for MERCHANTABILITY or FITNESS FOR A PARTICULAR PURPOSE.

configure:4318: $? = 0
configure:4307: g++ -v >&5
Using built-in specs.
COLLECT_GCC=g++
COLLECT_LTO_WRAPPER=/usr/lib64/gcc/x86_64-suse-linux/5/lto-wrapper
Target: x86_64-suse-linux
Configured with: ../configure --prefix=/usr --infodir=/usr/share/info --mandir=/usr/share/man --libdir=/usr/lib64 --libexecdir=/usr/lib64 --enable-languages=c,c++,objc,fortran,obj-c++,java,ada,go --enable-checking=release --with-gxx-include-dir=/usr/include/c++/5 --enable-ssp --disable-libssp --disable-libvtv --enable-libmpx --disable-plugin --with-bugurl=http://bugs.opensuse.org/ --with-pkgversion='SUSE Linux' --disable-libgcj --with-slibdir=/lib64 --with-system-zlib --enable-__cxa_atexit --enable-libstdcxx-allocator=new --disable-libstdcxx-pch --enable-version-specific-runtime-libs --enable-linker-build-id --enable-linux-futex --program-suffix=-5 --without-system-libunwind --enable-multilib --with-arch-32=x86-64 --with-tune=generic --build=x86_64-suse-linux --host=x86_64-suse-linux
Thread model: posix
gcc version 5.3.1 20151207 [gcc-5-branch revision 231355] (SUSE Linux) 
configure:4318: $? = 0
configure:4307: g++ -V >&5
g++: error: unrecognized command line option '-V'
g++: fatal error: no input files
compilation terminated.
configure:4318: $? = 1
configure:4307: g++ -qversion >&5
g++: error: unrecognized command line option '-qversion'
g++: fatal error: no input files
compilation terminated.
configure:4318: $? = 1
configure:4322: checking whether we are using the GNU C++ compiler
configure:4341: g++ -c   conftest.cpp >&5
configure:4341: $? = 0
configure:4350: result: yes
configure:4359: checking whether g++ accepts -g
configure:4379: g++ -c -g  conftest.cpp >&5
configure:4379: $? = 0
configure:4420: result: yes
configure:4445: checking dependency style of g++
configure:4555: result: gcc3
configure:4599: checking build system type
configure:4613: result: x86_64-unknown-linux-gnu
configure:4633: checking host system type
configure:4646: result: x86_64-unknown-linux-gnu
configure:4666: checking for a sed that does not truncate output
configure:4730: result: /usr/bin/sed
configure:4748: checking for grep that handles long lines and -e
configure:4806: result: /usr/bin/grep
configure:4811: checking for egrep
configure:4873: result: /usr/bin/grep -E
configure:4878: checking for fgrep
configure:4940: result: /usr/bin/grep -F
configure:4975: checking for ld used by gcc
configure:5042: result: /usr/x86_64-suse-linux/bin/ld
configure:5049: checking if the linker (/usr/x86_64-suse-linux/bin/ld) is GNU ld
configure:5064: result: yes
configure:5076: checking for BSD- or MS-compatible name lister (nm)
configure:5125: result: /usr/bin/nm -B
configure:5243: checking the name lister (/usr/bin/nm -B) interface
configure:5250: gcc -c -g -O2  conftest.c >&5
configure:5253: /usr/bin/nm -B "conftest.o"
configure:5256: output
0000000000000000 B some_variable
configure:5263: result: BSD nm
configure:5266: checking whether ln -s works
configure:5270: result: yes
configure:5278: checking the maximum length of command line arguments
configure:5398: result: 1572864
configure:5415: checking whether the shell understands some XSI constructs
configure:5425: result: yes
configure:5429: checking whether the shell understands "+="
configure:5435: result: yes
configure:5470: checking for /usr/x86_64-suse-linux/bin/ld option to reload object files
configure:5477: result: -r
configure:5546: checking for objdump
configure:5562: found /usr/bin/objdump
configure:5573: result: objdump
configure:5605: checking how to recognize dependent libraries
configure:5801: result: pass_all
configure:5861: checking for ar
configure:5877: found /usr/bin/ar
configure:5888: result: ar
configure:5966: checking for strip
configure:5982: found /usr/bin/strip
configure:5993: result: strip
configure:6065: checking for ranlib
configure:6081: found /usr/bin/ranlib
configure:6092: result: ranlib
configure:6182: checking command to parse /usr/bin/nm -B output from gcc object
configure:6300: gcc -c -g -O2  conftest.c >&5
configure:6303: $? = 0
configure:6307: /usr/bin/nm -B conftest.o \| sed -n -e 's/^.*[	 ]\([ABCDGIRSTW][ABCDGIRSTW]*\)[	 ][	 ]*\([_A-Za-z][_A-Za-z0-9]*\)$/\1 \2 \2/p' \> conftest.nm
configure:6310: $? = 0
configure:6364: gcc -o conftest -g -O2   conftest.c conftstm.o >&5
configure:6367: $? = 0
configure:6405: result: ok
configure:6501: gcc -c -g -O2  conftest.c >&5
configure:6504: $? = 0
configure:7214: checking how to run the C preprocessor
configure:7245: gcc -E  conftest.c
configure:7245: $? = 0
configure:7259: gcc -E  conftest.c
conftest.c:11:28: fatal error: ac_nonexistent.h: No such file or directory
compilation terminated.
configure:7259: $? = 1
configure: failed program was:
| /* confdefs.h */
| #define PACKAGE_NAME "libtheoraplayer"
| #define PACKAGE_TARNAME "libtheoraplayer"
| #define PACKAGE_VERSION "1.0"
| #define PACKAGE_STRING "libtheoraplayer 1.0"
| #define PACKAGE_BUGREPORT "kresimir.spes@gmail.com"
| #define PACKAGE_URL ""
| #define PACKAGE "libtheoraplayer"
| #define VERSION "1.0"
| /* end confdefs.h.  */
| #include <ac_nonexistent.h>
configure:7284: result: gcc -E
configure:7304: gcc -E  conftest.c
configure:7304: $? = 0
configure:7318: gcc -E  conftest.c
conftest.c:11:28: fatal error: ac_nonexistent.h: No such file or directory
compilation terminated.
configure:7318: $? = 1
configure: failed program was:
| /* confdefs.h */
| #define PACKAGE_NAME "libtheoraplayer"
| #define PACKAGE_TARNAME "libtheoraplayer"
| #define PACKAGE_VERSION "1.0"
| #define PACKAGE_STRING "libtheoraplayer 1.0"
| #define PACKAGE_BUGREPORT "kresimir.spes@gmail.com"
| #define PACKAGE_URL ""
| #define PACKAGE "libtheoraplayer"
| #define VERSION "1.0"
| /* end confdefs.h.  */
| #include <ac_nonexistent.h>
configure:7347: checking for ANSI C header files
configure:7367: gcc -c -g -O2  conftest.c >&5
configure:7367: $? = 0
configure:7440: gcc -o conftest -g -O2   conftest.c  >&5
configure:7440: $? = 0
configure:7440: ./conftest
configure:7440: $? = 0
configure:7451: result: yes
configure:7464: checking for sys/types.h
configure:7464: gcc -c -g -O2  conftest.c >&5
configure:7464: $? = 0
configure:7464: result: yes
configure:7464: checking for sys/stat.h
configure:7464: gcc -c -g -O2  conftest.c >&5
configure:7464: $? = 0
configure:7464: result: yes
configure:7464: checking for stdlib.h
configure:7464: gcc -c -g -O2  conftest.c >&5
configure:7464: $? = 0
configure:7464: result: yes
configure:7464: checking for string.h
configure:7464: gcc -c -g -O2  conftest.c >&5
configure:7464: $? = 0
configure:7464: result: yes
configure:7464: checking for memory.h
configure:7464: gcc -c -g -O2  conftest.c >&5
configure:7464: $? = 0
configure:7464: result: yes
configure:7464: checking for strings.h
configure:7464: gcc -c -g -O2  conftest.c >&5
configure:7464: $? = 0
configure:7464: result: yes
configure:7464: checking for inttypes.h
configure:7464: gcc -c -g -O2  conftest.c >&5
configure:7464: $? = 0
configure:7464: result: yes
configure:7464: checking for stdint.h
configure:7464: gcc -c -g -O2  conftest.c >&5
configure:7464: $? = 0
configure:7464: result: yes
configure:7464: checking for unistd.h
configure:7464: gcc -c -g -O2  conftest.c >&5
configure:7464: $? = 0
configure:7464: result: yes
configure:7479: checking for dlfcn.h
configure:7479: gcc -c -g -O2  conftest.c >&5
configure:7479: $? = 0
configure:7479: result: yes
configure:7604: checking for C++ compiler version
configure:7613: g++ --version >&5
g++ (SUSE Linux) 5.3.1 20151207 [gcc-5-branch revision 231355]
Copyright (C) 2015 Free Software Foundation, Inc.
This is free software; see the source for copying conditions.  There is NO
warranty; not even for MERCHANTABILITY or FITNESS FOR A PARTICULAR PURPOSE.

configure:7624: $? = 0
configure:7613: g++ -v >&5
Using built-in specs.
COLLECT_GCC=g++
COLLECT_LTO_WRAPPER=/usr/lib64/gcc/x86_64-suse-linux/5/lto-wrapper
Target: x86_64-suse-linux
Configured with: ../configure --prefix=/usr --infodir=/usr/share/info --mandir=/usr/share/man --libdir=/usr/lib64 --libexecdir=/usr/lib64 --enable-languages=c,c++,objc,fortran,obj-c++,java,ada,go --enable-checking=release --with-gxx-include-dir=/usr/include/c++/5 --enable-ssp --disable-libssp --disable-libvtv --enable-libmpx --disable-plugin --with-bugurl=http://bugs.opensuse.org/ --with-pkgversion='SUSE Linux' --disable-libgcj --with-slibdir=/lib64 --with-system-zlib --enable-__cxa_atexit --enable-libstdcxx-allocator=new --disable-libstdcxx-pch --enable-version-specific-runtime-libs --enable-linker-build-id --enable-linux-futex --program-suffix=-5 --without-system-libunwind --enable-multilib --with-arch-32=x86-64 --with-tune=generic --build=x86_64-suse-linux --host=x86_64-suse-linux
Thread model: posix
gcc version 5.3.1 20151207 [gcc-5-branch revision 231355] (SUSE Linux) 
configure:7624: $? = 0
configure:7613: g++ -V >&5
g++: error: unrecognized command line option '-V'
g++: fatal error: no input files
compilation terminated.
configure:7624: $? = 1
configure:7613: g++ -qversion >&5
g++: error: unrecognized command line option '-qversion'
g++: fatal error: no input files
compilation terminated.
configure:7624: $? = 1
configure:7628: checking whether we are using the GNU C++ compiler
configure:7656: result: yes
configure:7665: checking whether g++ accepts -g
configure:7726: result: yes
configure:7751: checking dependency style of g++
configure:7861: result: gcc3
configure:7884: checking how to run the C++ preprocessor
configure:7911: g++ -E  conftest.cpp
configure:7911: $? = 0
configure:7925: g++ -E  conftest.cpp
conftest.cpp:22:28: fatal error: ac_nonexistent.h: No such file or directory
compilation terminated.
configure:7925: $? = 1
configure: failed program was:
| /* confdefs.h */
| #define PACKAGE_NAME "libtheoraplayer"
| #define PACKAGE_TARNAME "libtheoraplayer"
| #define PACKAGE_VERSION "1.0"
| #define PACKAGE_STRING "libtheoraplayer 1.0"
| #define PACKAGE_BUGREPORT "kresimir.spes@gmail.com"
| #define PACKAGE_URL ""
| #define PACKAGE "libtheoraplayer"
| #define VERSION "1.0"
| #define STDC_HEADERS 1
| #define HAVE_SYS_TYPES_H 1
| #define HAVE_SYS_STAT_H 1
| #define HAVE_STDLIB_H 1
| #define HAVE_STRING_H 1
| #define HAVE_MEMORY_H 1
| #define HAVE_STRINGS_H 1
| #define HAVE_INTTYPES_H 1
| #define HAVE_STDINT_H 1
| #define HAVE_UNISTD_H 1
| #define HAVE_DLFCN_H 1
| /* end confdefs.h.  */
| #include <ac_nonexistent.h>
configure:7950: result: g++ -E
configure:7970: g++ -E  conftest.cpp
configure:7970: $? = 0
configure:7984: g++ -E  conftest.cpp
conftest.cpp:22:28: fatal error: ac_nonexistent.h: No such file or directory
compilation terminated.
configure:7984: $? = 1
configure: failed program was:
| /* confdefs.h */
| #define PACKAGE_NAME "libtheoraplayer"
| #define PACKAGE_TARNAME "libtheoraplayer"
| #define PACKAGE_VERSION "1.0"
| #define PACKAGE_STRING "libtheoraplayer 1.0"
| #define PACKAGE_BUGREPORT "kresimir.spes@gmail.com"
| #define PACKAGE_URL ""
| #define PACKAGE "libtheoraplayer"
| #define VERSION "1.0"
| #define STDC_HEADERS 1
| #define HAVE_SYS_TYPES_H 1
| #define HAVE_SYS_STAT_H 1
| #define HAVE_STDLIB_H 1
| #define HAVE_STRING_H 1
| #define HAVE_MEMORY_H 1
| #define HAVE_STRINGS_H 1
| #define HAVE_INTTYPES_H 1
| #define HAVE_STDINT_H 1
| #define HAVE_UNISTD_H 1
| #define HAVE_DLFCN_H 1
| /* end confdefs.h.  */
| #include <ac_nonexistent.h>
configure:8190: checking for objdir
configure:8205: result: .libs
configure:8497: checking if gcc supports -fno-rtti -fno-exceptions
configure:8515: gcc -c -g -O2  -fno-rtti -fno-exceptions conftest.c >&5
cc1: warning: command line option '-fno-rtti' is valid for C++/ObjC++ but not for C
configure:8519: $? = 0
configure:8532: result: no
configure:8552: checking for gcc option to produce PIC
configure:8824: result: -fPIC -DPIC
configure:8836: checking if gcc PIC flag -fPIC -DPIC works
configure:8854: gcc -c -g -O2  -fPIC -DPIC -DPIC conftest.c >&5
configure:8858: $? = 0
configure:8871: result: yes
configure:8895: checking if gcc static flag -static works
configure:8923: result: no
configure:8938: checking if gcc supports -c -o file.o
configure:8959: gcc -c -g -O2  -o out/conftest2.o conftest.c >&5
configure:8963: $? = 0
configure:8985: result: yes
configure:8993: checking if gcc supports -c -o file.o
configure:9040: result: yes
configure:9073: checking whether the gcc linker (/usr/x86_64-suse-linux/bin/ld -m elf_x86_64) supports shared libraries
configure:10063: result: yes
configure:10100: checking whether -lc should be explicitly linked in
configure:10105: gcc -c -g -O2  conftest.c >&5
configure:10108: $? = 0
configure:10123: gcc -shared conftest.o  -v -Wl,-soname -Wl,conftest -o conftest 2\>\&1 \| /usr/bin/grep  -lc  \>/dev/null 2\>\&1
configure:10126: $? = 0
configure:10138: result: no
configure:10302: checking dynamic linker characteristics
configure:10735: gcc -o conftest -g -O2   -Wl,-rpath -Wl,/foo conftest.c  >&5
configure:10735: $? = 0
configure:10965: result: GNU/Linux ld.so
configure:11067: checking how to hardcode library paths into programs
configure:11092: result: immediate
configure:11612: checking whether stripping libraries is possible
configure:11617: result: yes
configure:11652: checking if libtool supports shared libraries
configure:11654: result: yes
configure:11657: checking whether to build shared libraries
configure:11678: result: yes
configure:11681: checking whether to build static libraries
configure:11685: result: yes
configure:11835: checking for ld used by g++
configure:11902: result: /usr/x86_64-suse-linux/bin/ld -m elf_x86_64
configure:11909: checking if the linker (/usr/x86_64-suse-linux/bin/ld -m elf_x86_64) is GNU ld
configure:11924: result: yes
configure:11979: checking whether the g++ linker (/usr/x86_64-suse-linux/bin/ld -m elf_x86_64) supports shared libraries
configure:12892: result: yes
configure:12920: g++ -c -g -O2  conftest.cpp >&5
configure:12923: $? = 0
configure:13105: checking for g++ option to produce PIC
configure:13422: result: -fPIC -DPIC
configure:13431: checking if g++ PIC flag -fPIC -DPIC works
configure:13449: g++ -c -g -O2  -fPIC -DPIC -DPIC conftest.cpp >&5
configure:13453: $? = 0
configure:13466: result: yes
configure:13487: checking if g++ static flag -static works
configure:13515: result: no
configure:13527: checking if g++ supports -c -o file.o
configure:13548: g++ -c -g -O2  -o out/conftest2.o conftest.cpp >&5
configure:13552: $? = 0
configure:13574: result: yes
configure:13579: checking if g++ supports -c -o file.o
configure:13626: result: yes
configure:13656: checking whether the g++ linker (/usr/x86_64-suse-linux/bin/ld -m elf_x86_64) supports shared libraries
configure:13685: result: yes
configure:13822: checking dynamic linker characteristics
configure:14203: g++ -o conftest -g -O2   -Wl,-rpath -Wl,/foo conftest.cpp  >&5
configure:14203: $? = 0
configure:14433: result: GNU/Linux ld.so
configure:14484: checking how to hardcode library paths into programs
configure:14509: result: immediate
configure:14588: checking for ANSI C header files
configure:14692: result: yes
configure:14704: checking for memory.h
configure:14704: result: yes
configure:14704: checking for string.h
configure:14704: result: yes
configure:14704: checking sys/time.h usability
configure:14704: g++ -c -g -O2  conftest.cpp >&5
configure:14704: $? = 0
configure:14704: result: yes
configure:14704: checking sys/time.h presence
configure:14704: g++ -E  conftest.cpp
configure:14704: $? = 0
configure:14704: result: yes
configure:14704: checking for sys/time.h
configure:14704: result: yes
configure:14719: checking for gettimeofday
configure:14719: g++ -o conftest -g -O2   conftest.cpp  >&5
configure:14719: $? = 0
configure:14719: result: yes
configure:14719: checking for memset
configure:14719: g++ -o conftest -g -O2   conftest.cpp  >&5
configure:14719: $? = 0
configure:14719: result: yes
configure:14719: checking for strstr
configure:14719: g++ -o conftest -g -O2   conftest.cpp  >&5
configure:14719: $? = 0
configure:14719: result: yes
configure:14730: checking for stdbool.h that conforms to C99
configure:14815: g++ -c -g -O2  conftest.cpp >&5
configure:14815: $? = 0
configure:14822: result: yes
configure:14824: checking for _Bool
configure:14824: g++ -c -g -O2  conftest.cpp >&5
conftest.cpp: In function 'int main()':
conftest.cpp:66:13: error: '_Bool' was not declared in this scope
 if (sizeof (_Bool))
             ^
configure:14824: $? = 1
configure: failed program was:
| /* confdefs.h */
| #define PACKAGE_NAME "libtheoraplayer"
| #define PACKAGE_TARNAME "libtheoraplayer"
| #define PACKAGE_VERSION "1.0"
| #define PACKAGE_STRING "libtheoraplayer 1.0"
| #define PACKAGE_BUGREPORT "kresimir.spes@gmail.com"
| #define PACKAGE_URL ""
| #define PACKAGE "libtheoraplayer"
| #define VERSION "1.0"
| #define STDC_HEADERS 1
| #define HAVE_SYS_TYPES_H 1
| #define HAVE_SYS_STAT_H 1
| #define HAVE_STDLIB_H 1
| #define HAVE_STRING_H 1
| #define HAVE_MEMORY_H 1
| #define HAVE_STRINGS_H 1
| #define HAVE_INTTYPES_H 1
| #define HAVE_STDINT_H 1
| #define HAVE_UNISTD_H 1
| #define HAVE_DLFCN_H 1
| #define LT_OBJDIR ".libs/"
| #define STDC_HEADERS 1
| #define HAVE_MEMORY_H 1
| #define HAVE_STRING_H 1
| #define HAVE_SYS_TIME_H 1
| #define HAVE_GETTIMEOFDAY 1
| #define HAVE_MEMSET 1
| #define HAVE_STRSTR 1
| /* end confdefs.h.  */
| #include <stdio.h>
| #ifdef HAVE_SYS_TYPES_H
| # include <sys/types.h>
| #endif
| #ifdef HAVE_SYS_STAT_H
| # include <sys/stat.h>
| #endif
| #ifdef STDC_HEADERS
| # include <stdlib.h>
| # include <stddef.h>
| #else
| # ifdef HAVE_STDLIB_H
| #  include <stdlib.h>
| # endif
| #endif
| #ifdef HAVE_STRING_H
| # if !defined STDC_HEADERS && defined HAVE_MEMORY_H
| #  include <memory.h>
| # endif
| # include <string.h>
| #endif
| #ifdef HAVE_STRINGS_H
| # include <strings.h>
| #endif
| #ifdef HAVE_INTTYPES_H
| # include <inttypes.h>
| #endif
| #ifdef HAVE_STDINT_H
| # include <stdint.h>
| #endif
| #ifdef HAVE_UNISTD_H
| # include <unistd.h>
| #endif
| int
| main ()
| {
| if (sizeof (_Bool))
| 	 return 0;
|   ;
|   return 0;
| }
configure:14824: result: no
configure:14840: checking for an ANSI C-conforming const
configure:14905: g++ -c -g -O2  conftest.cpp >&5
configure:14905: $? = 0
configure:14912: result: yes
configure:14920: checking for inline
configure:14936: g++ -c -g -O2  conftest.cpp >&5
configure:14936: $? = 0
configure:14944: result: inline
configure:14962: checking for int8_t
configure:14962: g++ -c -g -O2  conftest.cpp >&5
configure:14962: $? = 0
configure:14962: g++ -c -g -O2  conftest.cpp >&5
conftest.cpp: In function 'int main()':
conftest.cpp:68:55: error: size of array 'test_array' is negative
    < (int8_t) ((((int8_t) 1 << (8 - 2)) - 1) * 2 + 2))];
                                                       ^
configure:14962: $? = 1
configure: failed program was:
| /* confdefs.h */
| #define PACKAGE_NAME "libtheoraplayer"
| #define PACKAGE_TARNAME "libtheoraplayer"
| #define PACKAGE_VERSION "1.0"
| #define PACKAGE_STRING "libtheoraplayer 1.0"
| #define PACKAGE_BUGREPORT "kresimir.spes@gmail.com"
| #define PACKAGE_URL ""
| #define PACKAGE "libtheoraplayer"
| #define VERSION "1.0"
| #define STDC_HEADERS 1
| #define HAVE_SYS_TYPES_H 1
| #define HAVE_SYS_STAT_H 1
| #define HAVE_STDLIB_H 1
| #define HAVE_STRING_H 1
| #define HAVE_MEMORY_H 1
| #define HAVE_STRINGS_H 1
| #define HAVE_INTTYPES_H 1
| #define HAVE_STDINT_H 1
| #define HAVE_UNISTD_H 1
| #define HAVE_DLFCN_H 1
| #define LT_OBJDIR ".libs/"
| #define STDC_HEADERS 1
| #define HAVE_MEMORY_H 1
| #define HAVE_STRING_H 1
| #define HAVE_SYS_TIME_H 1
| #define HAVE_GETTIMEOFDAY 1
| #define HAVE_MEMSET 1
| #define HAVE_STRSTR 1
| #define HAVE_STDBOOL_H 1
| /* end confdefs.h.  */
| #include <stdio.h>
| #ifdef HAVE_SYS_TYPES_H
| # include <sys/types.h>
| #endif
| #ifdef HAVE_SYS_STAT_H
| # include <sys/stat.h>
| #endif
| #ifdef STDC_HEADERS
| # include <stdlib.h>
| # include <stddef.h>
| #else
| # ifdef HAVE_STDLIB_H
| #  include <stdlib.h>
| # endif
| #endif
| #ifdef HAVE_STRING_H
| # if !defined STDC_HEADERS && defined HAVE_MEMORY_H
| #  include <memory.h>
| # endif
| # include <string.h>
| #endif
| #ifdef HAVE_STRINGS_H
| # include <strings.h>
| #endif
| #ifdef HAVE_INTTYPES_H
| # include <inttypes.h>
| #endif
| #ifdef HAVE_STDINT_H
| # include <stdint.h>
| #endif
| #ifdef HAVE_UNISTD_H
| # include <unistd.h>
| #endif
| int
| main ()
| {
| static int test_array [1 - 2 * !((int8_t) ((((int8_t) 1 << (8 - 2)) - 1) * 2 + 1)
| 		 < (int8_t) ((((int8_t) 1 << (8 - 2)) - 1) * 2 + 2))];
| test_array [0] = 0
| 
|   ;
|   return 0;
| }
configure:14962: result: yes
configure:14973: checking for int16_t
configure:14973: g++ -c -g -O2  conftest.cpp >&5
configure:14973: $? = 0
configure:14973: g++ -c -g -O2  conftest.cpp >&5
conftest.cpp: In function 'int main()':
conftest.cpp:68:58: error: size of array 'test_array' is negative
    < (int16_t) ((((int16_t) 1 << (16 - 2)) - 1) * 2 + 2))];
                                                          ^
configure:14973: $? = 1
configure: failed program was:
| /* confdefs.h */
| #define PACKAGE_NAME "libtheoraplayer"
| #define PACKAGE_TARNAME "libtheoraplayer"
| #define PACKAGE_VERSION "1.0"
| #define PACKAGE_STRING "libtheoraplayer 1.0"
| #define PACKAGE_BUGREPORT "kresimir.spes@gmail.com"
| #define PACKAGE_URL ""
| #define PACKAGE "libtheoraplayer"
| #define VERSION "1.0"
| #define STDC_HEADERS 1
| #define HAVE_SYS_TYPES_H 1
| #define HAVE_SYS_STAT_H 1
| #define HAVE_STDLIB_H 1
| #define HAVE_STRING_H 1
| #define HAVE_MEMORY_H 1
| #define HAVE_STRINGS_H 1
| #define HAVE_INTTYPES_H 1
| #define HAVE_STDINT_H 1
| #define HAVE_UNISTD_H 1
| #define HAVE_DLFCN_H 1
| #define LT_OBJDIR ".libs/"
| #define STDC_HEADERS 1
| #define HAVE_MEMORY_H 1
| #define HAVE_STRING_H 1
| #define HAVE_SYS_TIME_H 1
| #define HAVE_GETTIMEOFDAY 1
| #define HAVE_MEMSET 1
| #define HAVE_STRSTR 1
| #define HAVE_STDBOOL_H 1
| /* end confdefs.h.  */
| #include <stdio.h>
| #ifdef HAVE_SYS_TYPES_H
| # include <sys/types.h>
| #endif
| #ifdef HAVE_SYS_STAT_H
| # include <sys/stat.h>
| #endif
| #ifdef STDC_HEADERS
| # include <stdlib.h>
| # include <stddef.h>
| #else
| # ifdef HAVE_STDLIB_H
| #  include <stdlib.h>
| # endif
| #endif
| #ifdef HAVE_STRING_H
| # if !defined STDC_HEADERS && defined HAVE_MEMORY_H
| #  include <memory.h>
| # endif
| # include <string.h>
| #endif
| #ifdef HAVE_STRINGS_H
| # include <strings.h>
| #endif
| #ifdef HAVE_INTTYPES_H
| # include <inttypes.h>
| #endif
| #ifdef HAVE_STDINT_H
| # include <stdint.h>
| #endif
| #ifdef HAVE_UNISTD_H
| # include <unistd.h>
| #endif
| int
| main ()
| {
| static int test_array [1 - 2 * !((int16_t) ((((int16_t) 1 << (16 - 2)) - 1) * 2 + 1)
| 		 < (int16_t) ((((int16_t) 1 << (16 - 2)) - 1) * 2 + 2))];
| test_array [0] = 0
| 
|   ;
|   return 0;
| }
configure:14973: result: yes
configure:14984: checking for int32_t
configure:14984: g++ -c -g -O2  conftest.cpp >&5
configure:14984: $? = 0
configure:14984: g++ -c -g -O2  conftest.cpp >&5
conftest.cpp: In function 'int main()':
conftest.cpp:68:53: warning: integer overflow in expression [-Woverflow]
    < (int32_t) ((((int32_t) 1 << (32 - 2)) - 1) * 2 + 2))];
                                                     ^
conftest.cpp:68:58: error: size of array 'test_array' is negative
    < (int32_t) ((((int32_t) 1 << (32 - 2)) - 1) * 2 + 2))];
                                                          ^
configure:14984: $? = 1
configure: failed program was:
| /* confdefs.h */
| #define PACKAGE_NAME "libtheoraplayer"
| #define PACKAGE_TARNAME "libtheoraplayer"
| #define PACKAGE_VERSION "1.0"
| #define PACKAGE_STRING "libtheoraplayer 1.0"
| #define PACKAGE_BUGREPORT "kresimir.spes@gmail.com"
| #define PACKAGE_URL ""
| #define PACKAGE "libtheoraplayer"
| #define VERSION "1.0"
| #define STDC_HEADERS 1
| #define HAVE_SYS_TYPES_H 1
| #define HAVE_SYS_STAT_H 1
| #define HAVE_STDLIB_H 1
| #define HAVE_STRING_H 1
| #define HAVE_MEMORY_H 1
| #define HAVE_STRINGS_H 1
| #define HAVE_INTTYPES_H 1
| #define HAVE_STDINT_H 1
| #define HAVE_UNISTD_H 1
| #define HAVE_DLFCN_H 1
| #define LT_OBJDIR ".libs/"
| #define STDC_HEADERS 1
| #define HAVE_MEMORY_H 1
| #define HAVE_STRING_H 1
| #define HAVE_SYS_TIME_H 1
| #define HAVE_GETTIMEOFDAY 1
| #define HAVE_MEMSET 1
| #define HAVE_STRSTR 1
| #define HAVE_STDBOOL_H 1
| /* end confdefs.h.  */
| #include <stdio.h>
| #ifdef HAVE_SYS_TYPES_H
| # include <sys/types.h>
| #endif
| #ifdef HAVE_SYS_STAT_H
| # include <sys/stat.h>
| #endif
| #ifdef STDC_HEADERS
| # include <stdlib.h>
| # include <stddef.h>
| #else
| # ifdef HAVE_STDLIB_H
| #  include <stdlib.h>
| # endif
| #endif
| #ifdef HAVE_STRING_H
| # if !defined STDC_HEADERS && defined HAVE_MEMORY_H
| #  include <memory.h>
| # endif
| # include <string.h>
| #endif
| #ifdef HAVE_STRINGS_H
| # include <strings.h>
| #endif
| #ifdef HAVE_INTTYPES_H
| # include <inttypes.h>
| #endif
| #ifdef HAVE_STDINT_H
| # include <stdint.h>
| #endif
| #ifdef HAVE_UNISTD_H
| # include <unistd.h>
| #endif
| int
| main ()
| {
| static int test_array [1 - 2 * !((int32_t) ((((int32_t) 1 << (32 - 2)) - 1) * 2 + 1)
| 		 < (int32_t) ((((int32_t) 1 << (32 - 2)) - 1) * 2 + 2))];
| test_array [0] = 0
| 
|   ;
|   return 0;
| }
configure:14984: result: yes
configure:14995: checking for int64_t
configure:14995: g++ -c -g -O2  conftest.cpp >&5
configure:14995: $? = 0
configure:14995: g++ -c -g -O2  conftest.cpp >&5
conftest.cpp: In function 'int main()':
conftest.cpp:68:53: warning: integer overflow in expression [-Woverflow]
    < (int64_t) ((((int64_t) 1 << (64 - 2)) - 1) * 2 + 2))];
                                                     ^
conftest.cpp:68:58: error: size of array 'test_array' is negative
    < (int64_t) ((((int64_t) 1 << (64 - 2)) - 1) * 2 + 2))];
                                                          ^
configure:14995: $? = 1
configure: failed program was:
| /* confdefs.h */
| #define PACKAGE_NAME "libtheoraplayer"
| #define PACKAGE_TARNAME "libtheoraplayer"
| #define PACKAGE_VERSION "1.0"
| #define PACKAGE_STRING "libtheoraplayer 1.0"
| #define PACKAGE_BUGREPORT "kresimir.spes@gmail.com"
| #define PACKAGE_URL ""
| #define PACKAGE "libtheoraplayer"
| #define VERSION "1.0"
| #define STDC_HEADERS 1
| #define HAVE_SYS_TYPES_H 1
| #define HAVE_SYS_STAT_H 1
| #define HAVE_STDLIB_H 1
| #define HAVE_STRING_H 1
| #define HAVE_MEMORY_H 1
| #define HAVE_STRINGS_H 1
| #define HAVE_INTTYPES_H 1
| #define HAVE_STDINT_H 1
| #define HAVE_UNISTD_H 1
| #define HAVE_DLFCN_H 1
| #define LT_OBJDIR ".libs/"
| #define STDC_HEADERS 1
| #define HAVE_MEMORY_H 1
| #define HAVE_STRING_H 1
| #define HAVE_SYS_TIME_H 1
| #define HAVE_GETTIMEOFDAY 1
| #define HAVE_MEMSET 1
| #define HAVE_STRSTR 1
| #define HAVE_STDBOOL_H 1
| /* end confdefs.h.  */
| #include <stdio.h>
| #ifdef HAVE_SYS_TYPES_H
| # include <sys/types.h>
| #endif
| #ifdef HAVE_SYS_STAT_H
| # include <sys/stat.h>
| #endif
| #ifdef STDC_HEADERS
| # include <stdlib.h>
| # include <stddef.h>
| #else
| # ifdef HAVE_STDLIB_H
| #  include <stdlib.h>
| # endif
| #endif
| #ifdef HAVE_STRING_H
| # if !defined STDC_HEADERS && defined HAVE_MEMORY_H
| #  include <memory.h>
| # endif
| # include <string.h>
| #endif
| #ifdef HAVE_STRINGS_H
| # include <strings.h>
| #endif
| #ifdef HAVE_INTTYPES_H
| # include <inttypes.h>
| #endif
| #ifdef HAVE_STDINT_H
| # include <stdint.h>
| #endif
| #ifdef HAVE_UNISTD_H
| # include <unistd.h>
| #endif
| int
| main ()
| {
| static int test_array [1 - 2 * !((int64_t) ((((int64_t) 1 << (64 - 2)) - 1) * 2 + 1)
| 		 < (int64_t) ((((int64_t) 1 << (64 - 2)) - 1) * 2 + 2))];
| test_array [0] = 0
| 
|   ;
|   return 0;
| }
configure:14995: result: yes
configure:15006: checking for uint8_t
configure:15006: g++ -c -g -O2  conftest.cpp >&5
configure:15006: $? = 0
configure:15006: result: yes
configure:15020: checking for uint16_t
configure:15020: g++ -c -g -O2  conftest.cpp >&5
configure:15020: $? = 0
configure:15020: result: yes
configure:15032: checking for uint32_t
configure:15032: g++ -c -g -O2  conftest.cpp >&5
configure:15032: $? = 0
configure:15032: result: yes
configure:15046: checking for uint64_t
configure:15046: g++ -c -g -O2  conftest.cpp >&5
configure:15046: $? = 0
configure:15046: result: yes
configure:15060: checking for size_t
configure:15060: g++ -c -g -O2  conftest.cpp >&5
configure:15060: $? = 0
configure:15060: g++ -c -g -O2  conftest.cpp >&5
conftest.cpp: In function 'int main()':
conftest.cpp:67:20: error: expected primary-expression before ')' token
 if (sizeof ((size_t)))
                    ^
configure:15060: $? = 1
configure: failed program was:
| /* confdefs.h */
| #define PACKAGE_NAME "libtheoraplayer"
| #define PACKAGE_TARNAME "libtheoraplayer"
| #define PACKAGE_VERSION "1.0"
| #define PACKAGE_STRING "libtheoraplayer 1.0"
| #define PACKAGE_BUGREPORT "kresimir.spes@gmail.com"
| #define PACKAGE_URL ""
| #define PACKAGE "libtheoraplayer"
| #define VERSION "1.0"
| #define STDC_HEADERS 1
| #define HAVE_SYS_TYPES_H 1
| #define HAVE_SYS_STAT_H 1
| #define HAVE_STDLIB_H 1
| #define HAVE_STRING_H 1
| #define HAVE_MEMORY_H 1
| #define HAVE_STRINGS_H 1
| #define HAVE_INTTYPES_H 1
| #define HAVE_STDINT_H 1
| #define HAVE_UNISTD_H 1
| #define HAVE_DLFCN_H 1
| #define LT_OBJDIR ".libs/"
| #define STDC_HEADERS 1
| #define HAVE_MEMORY_H 1
| #define HAVE_STRING_H 1
| #define HAVE_SYS_TIME_H 1
| #define HAVE_GETTIMEOFDAY 1
| #define HAVE_MEMSET 1
| #define HAVE_STRSTR 1
| #define HAVE_STDBOOL_H 1
| /* end confdefs.h.  */
| #include <stdio.h>
| #ifdef HAVE_SYS_TYPES_H
| # include <sys/types.h>
| #endif
| #ifdef HAVE_SYS_STAT_H
| # include <sys/stat.h>
| #endif
| #ifdef STDC_HEADERS
| # include <stdlib.h>
| # include <stddef.h>
| #else
| # ifdef HAVE_STDLIB_H
| #  include <stdlib.h>
| # endif
| #endif
| #ifdef HAVE_STRING_H
| # if !defined STDC_HEADERS && defined HAVE_MEMORY_H
| #  include <memory.h>
| # endif
| # include <string.h>
| #endif
| #ifdef HAVE_STRINGS_H
| # include <strings.h>
| #endif
| #ifdef HAVE_INTTYPES_H
| # include <inttypes.h>
| #endif
| #ifdef HAVE_STDINT_H
| # include <stdint.h>
| #endif
| #ifdef HAVE_UNISTD_H
| # include <unistd.h>
| #endif
| int
| main ()
| {
| if (sizeof ((size_t)))
| 	    return 0;
|   ;
|   return 0;
| }
configure:15060: result: yes
configure:15076: checking ogg/ogg.h usability
configure:15076: g++ -c -g -O2  conftest.cpp >&5
configure:15076: $? = 0
configure:15076: result: yes
configure:15076: checking ogg/ogg.h presence
configure:15076: g++ -E  conftest.cpp
configure:15076: $? = 0
configure:15076: result: yes
configure:15076: checking for ogg/ogg.h
configure:15076: result: yes
configure:15088: checking for ogg_sync_pageseek in -logg
configure:15113: g++ -o conftest -g -O2   conftest.cpp -logg   >&5
configure:15113: $? = 0
configure:15122: result: yes
configure:15139: checking vorbis/codec.h usability
configure:15139: g++ -c -g -O2  conftest.cpp >&5
configure:15139: $? = 0
configure:15139: result: yes
configure:15139: checking vorbis/codec.h presence
configure:15139: g++ -E  conftest.cpp
configure:15139: $? = 0
configure:15139: result: yes
configure:15139: checking for vorbis/codec.h
configure:15139: result: yes
configure:15151: checking for vorbis_comment_init in -lvorbis
configure:15176: g++ -o conftest -g -O2   conftest.cpp -lvorbis  -logg  >&5
configure:15176: $? = 0
configure:15185: result: yes
configure:15202: checking theora/theoradec.h usability
configure:15202: g++ -c -g -O2  conftest.cpp >&5
configure:15202: $? = 0
configure:15202: result: yes
configure:15202: checking theora/theoradec.h presence
configure:15202: g++ -E  conftest.cpp
configure:15202: $? = 0
configure:15202: result: yes
configure:15202: checking for theora/theoradec.h
configure:15202: result: yes
configure:15214: checking for th_decode_free in -ltheoradec
configure:15239: g++ -o conftest -g -O2   conftest.cpp -ltheoradec  -lvorbis -logg  >&5
configure:15239: $? = 0
configure:15248: result: yes
configure:15398: creating ./config.status

## ---------------------- ##
## Running config.status. ##
## ---------------------- ##

This file was extended by libtheoraplayer config.status 1.0, which was
generated by GNU Autoconf 2.64.  Invocation command line was

  CONFIG_FILES    = 
  CONFIG_HEADERS  = 
  CONFIG_LINKS    = 
  CONFIG_COMMANDS = 
  $ ./config.status 

on linux-u5j7

config.status:1138: creating Makefile
config.status:1138: creating src/Makefile
config.status:1138: creating include/Makefile
config.status:1138: creating config.h
config.status:1310: config.h is unchanged
config.status:1358: executing depfiles commands
config.status:1358: executing libtool commands

## ---------------- ##
## Cache variables. ##
## ---------------- ##

ac_cv_build=x86_64-unknown-linux-gnu
ac_cv_c_compiler_gnu=yes
ac_cv_c_const=yes
ac_cv_c_inline=inline
ac_cv_c_int16_t=yes
ac_cv_c_int32_t=yes
ac_cv_c_int64_t=yes
ac_cv_c_int8_t=yes
ac_cv_c_uint16_t=yes
ac_cv_c_uint32_t=yes
ac_cv_c_uint64_t=yes
ac_cv_c_uint8_t=yes
ac_cv_cxx_compiler_gnu=yes
ac_cv_env_CCC_set=
ac_cv_env_CCC_value=
ac_cv_env_CC_set=
ac_cv_env_CC_value=
ac_cv_env_CFLAGS_set=
ac_cv_env_CFLAGS_value=
ac_cv_env_CPPFLAGS_set=
ac_cv_env_CPPFLAGS_value=
ac_cv_env_CPP_set=
ac_cv_env_CPP_value=
ac_cv_env_CXXCPP_set=
ac_cv_env_CXXCPP_value=
ac_cv_env_CXXFLAGS_set=
ac_cv_env_CXXFLAGS_value=
ac_cv_env_CXX_set=
ac_cv_env_CXX_value=
ac_cv_env_LDFLAGS_set=
ac_cv_env_LDFLAGS_value=
ac_cv_env_LIBS_set=
ac_cv_env_LIBS_value=
ac_cv_env_build_alias_set=
ac_cv_env_build_alias_value=
ac_cv_env_host_alias_set=
ac_cv_env_host_alias_value=
ac_cv_env_target_alias_set=
ac_cv_env_target_alias_value=
ac_cv_func_gettimeofday=yes
ac_cv_func_memset=yes
ac_cv_func_strstr=yes
ac_cv_header_dlfcn_h=yes
ac_cv_header_inttypes_h=yes
ac_cv_header_memory_h=yes
ac_cv_header_ogg_ogg_h=yes
ac_cv_header_stdbool_h=yes
ac_cv_header_stdc=yes
ac_cv_header_stdint_h=yes
ac_cv_header_stdlib_h=yes
ac_cv_header_string_h=yes
ac_cv_header_strings_h=yes
ac_cv_header_sys_stat_h=yes
ac_cv_header_sys_time_h=yes
ac_cv_header_sys_types_h=yes
ac_cv_header_theora_theoradec_h=yes
ac_cv_header_unistd_h=yes
ac_cv_header_vorbis_codec_h=yes
ac_cv_host=x86_64-unknown-linux-gnu
ac_cv_lib_ogg_ogg_sync_pageseek=yes
ac_cv_lib_theoradec_th_decode_free=yes
ac_cv_lib_vorbis_vorbis_comment_init=yes
ac_cv_objext=o
ac_cv_path_EGREP='/usr/bin/grep -E'
ac_cv_path_FGREP='/usr/bin/grep -F'
ac_cv_path_GREP=/usr/bin/grep
ac_cv_path_SED=/usr/bin/sed
ac_cv_path_install='/usr/bin/install -c'
ac_cv_path_mkdir=/usr/bin/mkdir
ac_cv_prog_AWK=gawk
ac_cv_prog_CPP='gcc -E'
ac_cv_prog_CXXCPP='g++ -E'
ac_cv_prog_ac_ct_AR=ar
ac_cv_prog_ac_ct_CC=gcc
ac_cv_prog_ac_ct_CXX=g++
ac_cv_prog_ac_ct_OBJDUMP=objdump
ac_cv_prog_ac_ct_RANLIB=ranlib
ac_cv_prog_ac_ct_STRIP=strip
ac_cv_prog_cc_c89=
ac_cv_prog_cc_g=yes
ac_cv_prog_cxx_g=yes
ac_cv_prog_make_make_set=yes
ac_cv_type__Bool=no
ac_cv_type_size_t=yes
am_cv_CC_dependencies_compiler_type=gcc3
am_cv_CXX_dependencies_compiler_type=gcc3
lt_cv_deplibs_check_method=pass_all
lt_cv_file_magic_cmd='$MAGIC_CMD'
lt_cv_file_magic_test_file=
lt_cv_ld_reload_flag=-r
lt_cv_nm_interface='BSD nm'
lt_cv_objdir=.libs
lt_cv_path_LD=/usr/x86_64-suse-linux/bin/ld
lt_cv_path_LDCXX='/usr/x86_64-suse-linux/bin/ld -m elf_x86_64'
lt_cv_path_NM='/usr/bin/nm -B'
lt_cv_prog_compiler_c_o=yes
lt_cv_prog_compiler_c_o_CXX=yes
lt_cv_prog_compiler_pic_works=yes
lt_cv_prog_compiler_pic_works_CXX=yes
lt_cv_prog_compiler_rtti_exceptions=no
lt_cv_prog_compiler_static_works=no
lt_cv_prog_compiler_static_works_CXX=no
lt_cv_prog_gnu_ld=yes
lt_cv_prog_gnu_ldcxx=yes
lt_cv_sys_global_symbol_pipe='sed -n -e '\''s/^.*[	 ]\([ABCDGIRSTW][ABCDGIRSTW]*\)[	 ][	 ]*\([_A-Za-z][_A-Za-z0-9]*\)$/\1 \2 \2/p'\'''
lt_cv_sys_global_symbol_to_c_name_address='sed -n -e '\''s/^: \([^ ]*\) $/  {\"\1\", (void *) 0},/p'\'' -e '\''s/^[ABCDGIRSTW]* \([^ ]*\) \([^ ]*\)$/  {"\2", (void *) \&\2},/p'\'''
lt_cv_sys_global_symbol_to_c_name_address_lib_prefix='sed -n -e '\''s/^: \([^ ]*\) $/  {\"\1\", (void *) 0},/p'\'' -e '\''s/^[ABCDGIRSTW]* \([^ ]*\) \(lib[^ ]*\)$/  {"\2", (void *) \&\2},/p'\'' -e '\''s/^[ABCDGIRSTW]* \([^ ]*\) \([^ ]*\)$/  {"lib\2", (void *) \&\2},/p'\'''
lt_cv_sys_global_symbol_to_cdecl='sed -n -e '\''s/^T .* \(.*\)$/extern int \1();/p'\'' -e '\''s/^[ABCDGIRSTW]* .* \(.*\)$/extern char \1;/p'\'''
lt_cv_sys_max_cmd_len=1572864

## ----------------- ##
## Output variables. ##
## ----------------- ##

ACLOCAL='${SHELL} /home/Dev/libs/Media/libtheoraplayer/missing --run aclocal-1.11'
AMDEPBACKSLASH='\'
AMDEP_FALSE='#'
AMDEP_TRUE=''
AMTAR='${SHELL} /home/Dev/libs/Media/libtheoraplayer/missing --run tar'
AR='ar'
AUTOCONF='${SHELL} /home/Dev/libs/Media/libtheoraplayer/missing --run autoconf'
AUTOHEADER='${SHELL} /home/Dev/libs/Media/libtheoraplayer/missing --run autoheader'
AUTOMAKE='${SHELL} /home/Dev/libs/Media/libtheoraplayer/missing --run automake-1.11'
AWK='gawk'
CC='gcc'
CCDEPMODE='depmode=gcc3'
CFLAGS='-g -O2'
CPP='gcc -E'
CPPFLAGS=''
CXX='g++'
CXXCPP='g++ -E'
CXXDEPMODE='depmode=gcc3'
CXXFLAGS='-g -O2'
CYGPATH_W='echo'
DARWIN_FALSE=''
DARWIN_TRUE='#'
DEFS='-DHAVE_CONFIG_H'
DEPDIR='.deps'
DSYMUTIL=''
DUMPBIN=''
ECHO_C=''
ECHO_N='-n'
ECHO_T=''
EGREP='/usr/bin/grep -E'
EXEEXT=''
FGREP='/usr/bin/grep -F'
GREP='/usr/bin/grep'
INSTALL_DATA='${INSTALL} -m 644'
INSTALL_PROGRAM='${INSTALL}'
INSTALL_SCRIPT='${INSTALL}'
INSTALL_STRIP_PROGRAM='$(install_sh) -c -s'
LD='/usr/x86_64-suse-linux/bin/ld -m elf_x86_64'
LDFLAGS=''
LIBOBJS=''
LIBS='-ltheoradec -lvorbis -logg '
LIBTOOL='$(SHELL) $(top_builddir)/libtool'
LIPO=''
LN_S='ln -s'
LTLIBOBJS=''
MAKEINFO='${SHELL} /home/Dev/libs/Media/libtheoraplayer/missing --run makeinfo'
MKDIR_P='/usr/bin/mkdir -p'
NM='/usr/bin/nm -B'
NMEDIT=''
OBJDUMP='objdump'
OBJEXT='o'
OTOOL64=''
OTOOL=''
PACKAGE='libtheoraplayer'
PACKAGE_BUGREPORT='kresimir.spes@gmail.com'
PACKAGE_NAME='libtheoraplayer'
PACKAGE_STRING='libtheoraplayer 1.0'
PACKAGE_TARNAME='libtheoraplayer'
PACKAGE_URL=''
PACKAGE_VERSION='1.0'
PATH_SEPARATOR=':'
RANLIB='ranlib'
SED='/usr/bin/sed'
SET_MAKE=''
SHELL='/bin/sh'
STRIP='strip'
VERSION='1.0'
ac_ct_CC='gcc'
ac_ct_CXX='g++'
ac_ct_DUMPBIN=''
am__EXEEXT_FALSE=''
am__EXEEXT_TRUE='#'
am__fastdepCC_FALSE='#'
am__fastdepCC_TRUE=''
am__fastdepCXX_FALSE='#'
am__fastdepCXX_TRUE=''
am__include='include'
am__isrc=''
am__leading_dot='.'
am__quote=''
am__tar='${AMTAR} chof - "$$tardir"'
am__untar='${AMTAR} xf -'
bindir='${exec_prefix}/bin'
build='x86_64-unknown-linux-gnu'
build_alias=''
build_cpu='x86_64'
build_os='linux-gnu'
build_vendor='unknown'
datadir='${datarootdir}'
datarootdir='${prefix}/share'
docdir='${datarootdir}/doc/${PACKAGE_TARNAME}'
dvidir='${docdir}'
exec_prefix='${prefix}'
host='x86_64-unknown-linux-gnu'
host_alias=''
host_cpu='x86_64'
host_os='linux-gnu'
host_vendor='unknown'
htmldir='${docdir}'
includedir='${prefix}/include'
infodir='${datarootdir}/info'
install_sh='${SHELL} /home/Dev/libs/Media/libtheoraplayer/install-sh'
libdir='${exec_prefix}/lib64'
libexecdir='${exec_prefix}/lib'
localedir='${datarootdir}/locale'
localstatedir='${prefix}/var'
lt_ECHO='echo'
mandir='${datarootdir}/man'
mkdir_p='/usr/bin/mkdir -p'
oldincludedir='/usr/include'
pdfdir='${docdir}'
prefix='/usr/local'
program_transform_name='s,x,x,'
psdir='${docdir}'
sbindir='${exec_prefix}/sbin'
sharedstatedir='${prefix}/com'
sysconfdir='${prefix}/etc'
target_alias=''

## ----------- ##
## confdefs.h. ##
## ----------- ##

/* confdefs.h */
#define PACKAGE_NAME "libtheoraplayer"
#define PACKAGE_TARNAME "libtheoraplayer"
#define PACKAGE_VERSION "1.0"
#define PACKAGE_STRING "libtheoraplayer 1.0"
#define PACKAGE_BUGREPORT "kresimir.spes@gmail.com"
#define PACKAGE_URL ""
#define PACKAGE "libtheoraplayer"
#define VERSION "1.0"
#define STDC_HEADERS 1
#define HAVE_SYS_TYPES_H 1
#define HAVE_SYS_STAT_H 1
#define HAVE_STDLIB_H 1
#define HAVE_STRING_H 1
#define HAVE_MEMORY_H 1
#define HAVE_STRINGS_H 1
#define HAVE_INTTYPES_H 1
#define HAVE_STDINT_H 1
#define HAVE_UNISTD_H 1
#define HAVE_DLFCN_H 1
#define LT_OBJDIR ".libs/"
#define STDC_HEADERS 1
#define HAVE_MEMORY_H 1
#define HAVE_STRING_H 1
#define HAVE_SYS_TIME_H 1
#define HAVE_GETTIMEOFDAY 1
#define HAVE_MEMSET 1
#define HAVE_STRSTR 1
#define HAVE_STDBOOL_H 1
#define HAVE_OGG_OGG_H 1
#define HAVE_LIBOGG 1
#define HAVE_VORBIS_CODEC_H 1
#define HAVE_LIBVORBIS 1
#define HAVE_THEORA_THEORADEC_H 1
#define HAVE_LIBTHEORADEC 1

configure: exit 0
