The system is: Linux - 4.12.14-lp150.12.76-default - x86_64
Compiling the C compiler identification source file "CMakeCCompilerId.c" succeeded.
Compiler: /usr/bin/cc 
Build flags: 
Id flags:  

The output was:
0


Compilation of the C compiler identification source "CMakeCCompilerId.c" produced "a.out"

The C compiler identification is GNU, found in "/run/media/netpipe/df7f53ef-2a98-4562-a498-7da578dab660/Dev/libs/Scripting/emsdk/emscripten-projects/libs/Ogg/CMakeFiles/3.10.2/CompilerIdC/a.out"

Compiling the CXX compiler identification source file "CMakeCXXCompilerId.cpp" succeeded.
Compiler: /usr/bin/c++ 
Build flags: 
Id flags:  

The output was:
0


Compilation of the CXX compiler identification source "CMakeCXXCompilerId.cpp" produced "a.out"

The CXX compiler identification is GNU, found in "/run/media/netpipe/df7f53ef-2a98-4562-a498-7da578dab660/Dev/libs/Scripting/emsdk/emscripten-projects/libs/Ogg/CMakeFiles/3.10.2/CompilerIdCXX/a.out"

Determining if the C compiler works passed with the following output:
Change Dir: /run/media/netpipe/df7f53ef-2a98-4562-a498-7da578dab660/Dev/libs/Scripting/emsdk/emscripten-projects/libs/Ogg/CMakeFiles/CMakeTmp

Run Build Command:"/usr/bin/gmake" "cmTC_85c96/fast"
/usr/bin/gmake -f CMakeFiles/cmTC_85c96.dir/build.make CMakeFiles/cmTC_85c96.dir/build
gmake[1]: Entering directory '/run/media/netpipe/df7f53ef-2a98-4562-a498-7da578dab660/Dev/libs/Scripting/emsdk/emscripten-projects/libs/Ogg/CMakeFiles/CMakeTmp'
Building C object CMakeFiles/cmTC_85c96.dir/testCCompiler.c.o
/usr/bin/cc    -o CMakeFiles/cmTC_85c96.dir/testCCompiler.c.o   -c /run/media/netpipe/df7f53ef-2a98-4562-a498-7da578dab660/Dev/libs/Scripting/emsdk/emscripten-projects/libs/Ogg/CMakeFiles/CMakeTmp/testCCompiler.c
Linking C executable cmTC_85c96
/usr/bin/cmake -E cmake_link_script CMakeFiles/cmTC_85c96.dir/link.txt --verbose=1
/usr/bin/cc      -rdynamic CMakeFiles/cmTC_85c96.dir/testCCompiler.c.o  -o cmTC_85c96 
gmake[1]: Leaving directory '/run/media/netpipe/df7f53ef-2a98-4562-a498-7da578dab660/Dev/libs/Scripting/emsdk/emscripten-projects/libs/Ogg/CMakeFiles/CMakeTmp'


Detecting C compiler ABI info compiled with the following output:
Change Dir: /run/media/netpipe/df7f53ef-2a98-4562-a498-7da578dab660/Dev/libs/Scripting/emsdk/emscripten-projects/libs/Ogg/CMakeFiles/CMakeTmp

Run Build Command:"/usr/bin/gmake" "cmTC_3aa34/fast"
/usr/bin/gmake -f CMakeFiles/cmTC_3aa34.dir/build.make CMakeFiles/cmTC_3aa34.dir/build
gmake[1]: Entering directory '/run/media/netpipe/df7f53ef-2a98-4562-a498-7da578dab660/Dev/libs/Scripting/emsdk/emscripten-projects/libs/Ogg/CMakeFiles/CMakeTmp'
Building C object CMakeFiles/cmTC_3aa34.dir/CMakeCCompilerABI.c.o
/usr/bin/cc    -o CMakeFiles/cmTC_3aa34.dir/CMakeCCompilerABI.c.o   -c /usr/share/cmake/Modules/CMakeCCompilerABI.c
Linking C executable cmTC_3aa34
/usr/bin/cmake -E cmake_link_script CMakeFiles/cmTC_3aa34.dir/link.txt --verbose=1
/usr/bin/cc     -v -rdynamic CMakeFiles/cmTC_3aa34.dir/CMakeCCompilerABI.c.o  -o cmTC_3aa34 
Using built-in specs.
COLLECT_GCC=/usr/bin/cc
COLLECT_LTO_WRAPPER=/usr/lib64/gcc/x86_64-suse-linux/7/lto-wrapper
OFFLOAD_TARGET_NAMES=hsa:nvptx-none
Target: x86_64-suse-linux
Configured with: ../configure --prefix=/usr --infodir=/usr/share/info --mandir=/usr/share/man --libdir=/usr/lib64 --libexecdir=/usr/lib64 --enable-languages=c,c++,objc,fortran,obj-c++,ada,go --enable-offload-targets=hsa,nvptx-none=/usr/nvptx-none, --without-cuda-driver --enable-checking=release --disable-werror --with-gxx-include-dir=/usr/include/c++/7 --enable-ssp --disable-libssp --disable-libvtv --disable-libcc1 --disable-plugin --with-bugurl=https://bugs.opensuse.org/ --with-pkgversion='SUSE Linux' --with-slibdir=/lib64 --with-system-zlib --enable-libstdcxx-allocator=new --disable-libstdcxx-pch --enable-version-specific-runtime-libs --with-gcc-major-version-only --enable-linker-build-id --enable-linux-futex --enable-gnu-indirect-function --program-suffix=-7 --without-system-libunwind --enable-multilib --with-arch-32=x86-64 --with-tune=generic --build=x86_64-suse-linux --host=x86_64-suse-linux
Thread model: posix
gcc version 7.4.1 20190905 [gcc-7-branch revision 275407] (SUSE Linux) 
COMPILER_PATH=/usr/lib64/gcc/x86_64-suse-linux/7/:/usr/lib64/gcc/x86_64-suse-linux/7/:/usr/lib64/gcc/x86_64-suse-linux/:/usr/lib64/gcc/x86_64-suse-linux/7/:/usr/lib64/gcc/x86_64-suse-linux/:/usr/lib64/gcc/x86_64-suse-linux/7/../../../../x86_64-suse-linux/bin/
LIBRARY_PATH=/usr/lib64/gcc/x86_64-suse-linux/7/:/usr/lib64/gcc/x86_64-suse-linux/7/../../../../lib64/:/lib/../lib64/:/usr/lib/../lib64/:/usr/lib64/gcc/x86_64-suse-linux/7/../../../../x86_64-suse-linux/lib/:/usr/lib64/gcc/x86_64-suse-linux/7/../../../:/lib/:/usr/lib/
COLLECT_GCC_OPTIONS='-v' '-rdynamic' '-o' 'cmTC_3aa34' '-mtune=generic' '-march=x86-64'
 /usr/lib64/gcc/x86_64-suse-linux/7/collect2 -plugin /usr/lib64/gcc/x86_64-suse-linux/7/liblto_plugin.so -plugin-opt=/usr/lib64/gcc/x86_64-suse-linux/7/lto-wrapper -plugin-opt=-fresolution=/tmp/ccq6YADw.res -plugin-opt=-pass-through=-lgcc -plugin-opt=-pass-through=-lgcc_s -plugin-opt=-pass-through=-lc -plugin-opt=-pass-through=-lgcc -plugin-opt=-pass-through=-lgcc_s --build-id --eh-frame-hdr -m elf_x86_64 -export-dynamic -dynamic-linker /lib64/ld-linux-x86-64.so.2 -o cmTC_3aa34 /usr/lib64/gcc/x86_64-suse-linux/7/../../../../lib64/crt1.o /usr/lib64/gcc/x86_64-suse-linux/7/../../../../lib64/crti.o /usr/lib64/gcc/x86_64-suse-linux/7/crtbegin.o -L/usr/lib64/gcc/x86_64-suse-linux/7 -L/usr/lib64/gcc/x86_64-suse-linux/7/../../../../lib64 -L/lib/../lib64 -L/usr/lib/../lib64 -L/usr/lib64/gcc/x86_64-suse-linux/7/../../../../x86_64-suse-linux/lib -L/usr/lib64/gcc/x86_64-suse-linux/7/../../.. CMakeFiles/cmTC_3aa34.dir/CMakeCCompilerABI.c.o -lgcc --as-needed -lgcc_s --no-as-needed -lc -lgcc --as-needed -lgcc_s --no-as-needed /usr/lib64/gcc/x86_64-suse-linux/7/crtend.o /usr/lib64/gcc/x86_64-suse-linux/7/../../../../lib64/crtn.o
COLLECT_GCC_OPTIONS='-v' '-rdynamic' '-o' 'cmTC_3aa34' '-mtune=generic' '-march=x86-64'
gmake[1]: Leaving directory '/run/media/netpipe/df7f53ef-2a98-4562-a498-7da578dab660/Dev/libs/Scripting/emsdk/emscripten-projects/libs/Ogg/CMakeFiles/CMakeTmp'


Parsed C implicit link information from above output:
  link line regex: [^( *|.*[/\])(ld|CMAKE_LINK_STARTFILE-NOTFOUND|([^/\]+-)?ld|collect2)[^/\]*( |$)]
  ignore line: [Change Dir: /run/media/netpipe/df7f53ef-2a98-4562-a498-7da578dab660/Dev/libs/Scripting/emsdk/emscripten-projects/libs/Ogg/CMakeFiles/CMakeTmp]
  ignore line: []
  ignore line: [Run Build Command:"/usr/bin/gmake" "cmTC_3aa34/fast"]
  ignore line: [/usr/bin/gmake -f CMakeFiles/cmTC_3aa34.dir/build.make CMakeFiles/cmTC_3aa34.dir/build]
  ignore line: [gmake[1]: Entering directory '/run/media/netpipe/df7f53ef-2a98-4562-a498-7da578dab660/Dev/libs/Scripting/emsdk/emscripten-projects/libs/Ogg/CMakeFiles/CMakeTmp']
  ignore line: [Building C object CMakeFiles/cmTC_3aa34.dir/CMakeCCompilerABI.c.o]
  ignore line: [/usr/bin/cc    -o CMakeFiles/cmTC_3aa34.dir/CMakeCCompilerABI.c.o   -c /usr/share/cmake/Modules/CMakeCCompilerABI.c]
  ignore line: [Linking C executable cmTC_3aa34]
  ignore line: [/usr/bin/cmake -E cmake_link_script CMakeFiles/cmTC_3aa34.dir/link.txt --verbose=1]
  ignore line: [/usr/bin/cc     -v -rdynamic CMakeFiles/cmTC_3aa34.dir/CMakeCCompilerABI.c.o  -o cmTC_3aa34 ]
  ignore line: [Using built-in specs.]
  ignore line: [COLLECT_GCC=/usr/bin/cc]
  ignore line: [COLLECT_LTO_WRAPPER=/usr/lib64/gcc/x86_64-suse-linux/7/lto-wrapper]
  ignore line: [OFFLOAD_TARGET_NAMES=hsa:nvptx-none]
  ignore line: [Target: x86_64-suse-linux]
  ignore line: [Configured with: ../configure --prefix=/usr --infodir=/usr/share/info --mandir=/usr/share/man --libdir=/usr/lib64 --libexecdir=/usr/lib64 --enable-languages=c,c++,objc,fortran,obj-c++,ada,go --enable-offload-targets=hsa,nvptx-none=/usr/nvptx-none, --without-cuda-driver --enable-checking=release --disable-werror --with-gxx-include-dir=/usr/include/c++/7 --enable-ssp --disable-libssp --disable-libvtv --disable-libcc1 --disable-plugin --with-bugurl=https://bugs.opensuse.org/ --with-pkgversion='SUSE Linux' --with-slibdir=/lib64 --with-system-zlib --enable-libstdcxx-allocator=new --disable-libstdcxx-pch --enable-version-specific-runtime-libs --with-gcc-major-version-only --enable-linker-build-id --enable-linux-futex --enable-gnu-indirect-function --program-suffix=-7 --without-system-libunwind --enable-multilib --with-arch-32=x86-64 --with-tune=generic --build=x86_64-suse-linux --host=x86_64-suse-linux]
  ignore line: [Thread model: posix]
  ignore line: [gcc version 7.4.1 20190905 [gcc-7-branch revision 275407] (SUSE Linux) ]
  ignore line: [COMPILER_PATH=/usr/lib64/gcc/x86_64-suse-linux/7/:/usr/lib64/gcc/x86_64-suse-linux/7/:/usr/lib64/gcc/x86_64-suse-linux/:/usr/lib64/gcc/x86_64-suse-linux/7/:/usr/lib64/gcc/x86_64-suse-linux/:/usr/lib64/gcc/x86_64-suse-linux/7/../../../../x86_64-suse-linux/bin/]
  ignore line: [LIBRARY_PATH=/usr/lib64/gcc/x86_64-suse-linux/7/:/usr/lib64/gcc/x86_64-suse-linux/7/../../../../lib64/:/lib/../lib64/:/usr/lib/../lib64/:/usr/lib64/gcc/x86_64-suse-linux/7/../../../../x86_64-suse-linux/lib/:/usr/lib64/gcc/x86_64-suse-linux/7/../../../:/lib/:/usr/lib/]
  ignore line: [COLLECT_GCC_OPTIONS='-v' '-rdynamic' '-o' 'cmTC_3aa34' '-mtune=generic' '-march=x86-64']
  link line: [ /usr/lib64/gcc/x86_64-suse-linux/7/collect2 -plugin /usr/lib64/gcc/x86_64-suse-linux/7/liblto_plugin.so -plugin-opt=/usr/lib64/gcc/x86_64-suse-linux/7/lto-wrapper -plugin-opt=-fresolution=/tmp/ccq6YADw.res -plugin-opt=-pass-through=-lgcc -plugin-opt=-pass-through=-lgcc_s -plugin-opt=-pass-through=-lc -plugin-opt=-pass-through=-lgcc -plugin-opt=-pass-through=-lgcc_s --build-id --eh-frame-hdr -m elf_x86_64 -export-dynamic -dynamic-linker /lib64/ld-linux-x86-64.so.2 -o cmTC_3aa34 /usr/lib64/gcc/x86_64-suse-linux/7/../../../../lib64/crt1.o /usr/lib64/gcc/x86_64-suse-linux/7/../../../../lib64/crti.o /usr/lib64/gcc/x86_64-suse-linux/7/crtbegin.o -L/usr/lib64/gcc/x86_64-suse-linux/7 -L/usr/lib64/gcc/x86_64-suse-linux/7/../../../../lib64 -L/lib/../lib64 -L/usr/lib/../lib64 -L/usr/lib64/gcc/x86_64-suse-linux/7/../../../../x86_64-suse-linux/lib -L/usr/lib64/gcc/x86_64-suse-linux/7/../../.. CMakeFiles/cmTC_3aa34.dir/CMakeCCompilerABI.c.o -lgcc --as-needed -lgcc_s --no-as-needed -lc -lgcc --as-needed -lgcc_s --no-as-needed /usr/lib64/gcc/x86_64-suse-linux/7/crtend.o /usr/lib64/gcc/x86_64-suse-linux/7/../../../../lib64/crtn.o]
    arg [/usr/lib64/gcc/x86_64-suse-linux/7/collect2] ==> ignore
    arg [-plugin] ==> ignore
    arg [/usr/lib64/gcc/x86_64-suse-linux/7/liblto_plugin.so] ==> ignore
    arg [-plugin-opt=/usr/lib64/gcc/x86_64-suse-linux/7/lto-wrapper] ==> ignore
    arg [-plugin-opt=-fresolution=/tmp/ccq6YADw.res] ==> ignore
    arg [-plugin-opt=-pass-through=-lgcc] ==> ignore
    arg [-plugin-opt=-pass-through=-lgcc_s] ==> ignore
    arg [-plugin-opt=-pass-through=-lc] ==> ignore
    arg [-plugin-opt=-pass-through=-lgcc] ==> ignore
    arg [-plugin-opt=-pass-through=-lgcc_s] ==> ignore
    arg [--build-id] ==> ignore
    arg [--eh-frame-hdr] ==> ignore
    arg [-m] ==> ignore
    arg [elf_x86_64] ==> ignore
    arg [-export-dynamic] ==> ignore
    arg [-dynamic-linker] ==> ignore
    arg [/lib64/ld-linux-x86-64.so.2] ==> ignore
    arg [-o] ==> ignore
    arg [cmTC_3aa34] ==> ignore
    arg [/usr/lib64/gcc/x86_64-suse-linux/7/../../../../lib64/crt1.o] ==> ignore
    arg [/usr/lib64/gcc/x86_64-suse-linux/7/../../../../lib64/crti.o] ==> ignore
    arg [/usr/lib64/gcc/x86_64-suse-linux/7/crtbegin.o] ==> ignore
    arg [-L/usr/lib64/gcc/x86_64-suse-linux/7] ==> dir [/usr/lib64/gcc/x86_64-suse-linux/7]
    arg [-L/usr/lib64/gcc/x86_64-suse-linux/7/../../../../lib64] ==> dir [/usr/lib64/gcc/x86_64-suse-linux/7/../../../../lib64]
    arg [-L/lib/../lib64] ==> dir [/lib/../lib64]
    arg [-L/usr/lib/../lib64] ==> dir [/usr/lib/../lib64]
    arg [-L/usr/lib64/gcc/x86_64-suse-linux/7/../../../../x86_64-suse-linux/lib] ==> dir [/usr/lib64/gcc/x86_64-suse-linux/7/../../../../x86_64-suse-linux/lib]
    arg [-L/usr/lib64/gcc/x86_64-suse-linux/7/../../..] ==> dir [/usr/lib64/gcc/x86_64-suse-linux/7/../../..]
    arg [CMakeFiles/cmTC_3aa34.dir/CMakeCCompilerABI.c.o] ==> ignore
    arg [-lgcc] ==> lib [gcc]
    arg [--as-needed] ==> ignore
    arg [-lgcc_s] ==> lib [gcc_s]
    arg [--no-as-needed] ==> ignore
    arg [-lc] ==> lib [c]
    arg [-lgcc] ==> lib [gcc]
    arg [--as-needed] ==> ignore
    arg [-lgcc_s] ==> lib [gcc_s]
    arg [--no-as-needed] ==> ignore
    arg [/usr/lib64/gcc/x86_64-suse-linux/7/crtend.o] ==> ignore
    arg [/usr/lib64/gcc/x86_64-suse-linux/7/../../../../lib64/crtn.o] ==> ignore
  collapse library dir [/usr/lib64/gcc/x86_64-suse-linux/7] ==> [/usr/lib64/gcc/x86_64-suse-linux/7]
  collapse library dir [/usr/lib64/gcc/x86_64-suse-linux/7/../../../../lib64] ==> [/usr/lib64]
  collapse library dir [/lib/../lib64] ==> [/lib64]
  collapse library dir [/usr/lib/../lib64] ==> [/usr/lib64]
  collapse library dir [/usr/lib64/gcc/x86_64-suse-linux/7/../../../../x86_64-suse-linux/lib] ==> [/usr/x86_64-suse-linux/lib]
  collapse library dir [/usr/lib64/gcc/x86_64-suse-linux/7/../../..] ==> [/usr/lib64]
  implicit libs: [gcc;gcc_s;c;gcc;gcc_s]
  implicit dirs: [/usr/lib64/gcc/x86_64-suse-linux/7;/usr/lib64;/lib64;/usr/x86_64-suse-linux/lib]
  implicit fwks: []




Detecting C [-std=c11] compiler features compiled with the following output:
Change Dir: /run/media/netpipe/df7f53ef-2a98-4562-a498-7da578dab660/Dev/libs/Scripting/emsdk/emscripten-projects/libs/Ogg/CMakeFiles/CMakeTmp

Run Build Command:"/usr/bin/gmake" "cmTC_18f76/fast"
/usr/bin/gmake -f CMakeFiles/cmTC_18f76.dir/build.make CMakeFiles/cmTC_18f76.dir/build
gmake[1]: Entering directory '/run/media/netpipe/df7f53ef-2a98-4562-a498-7da578dab660/Dev/libs/Scripting/emsdk/emscripten-projects/libs/Ogg/CMakeFiles/CMakeTmp'
Building C object CMakeFiles/cmTC_18f76.dir/feature_tests.c.o
/usr/bin/cc   -std=c11 -o CMakeFiles/cmTC_18f76.dir/feature_tests.c.o   -c /run/media/netpipe/df7f53ef-2a98-4562-a498-7da578dab660/Dev/libs/Scripting/emsdk/emscripten-projects/libs/Ogg/CMakeFiles/feature_tests.c
Linking C executable cmTC_18f76
/usr/bin/cmake -E cmake_link_script CMakeFiles/cmTC_18f76.dir/link.txt --verbose=1
/usr/bin/cc      -rdynamic CMakeFiles/cmTC_18f76.dir/feature_tests.c.o  -o cmTC_18f76 
gmake[1]: Leaving directory '/run/media/netpipe/df7f53ef-2a98-4562-a498-7da578dab660/Dev/libs/Scripting/emsdk/emscripten-projects/libs/Ogg/CMakeFiles/CMakeTmp'


    Feature record: C_FEATURE:1c_function_prototypes
    Feature record: C_FEATURE:1c_restrict
    Feature record: C_FEATURE:1c_static_assert
    Feature record: C_FEATURE:1c_variadic_macros


Detecting C [-std=c99] compiler features compiled with the following output:
Change Dir: /run/media/netpipe/df7f53ef-2a98-4562-a498-7da578dab660/Dev/libs/Scripting/emsdk/emscripten-projects/libs/Ogg/CMakeFiles/CMakeTmp

Run Build Command:"/usr/bin/gmake" "cmTC_77a44/fast"
/usr/bin/gmake -f CMakeFiles/cmTC_77a44.dir/build.make CMakeFiles/cmTC_77a44.dir/build
gmake[1]: Entering directory '/run/media/netpipe/df7f53ef-2a98-4562-a498-7da578dab660/Dev/libs/Scripting/emsdk/emscripten-projects/libs/Ogg/CMakeFiles/CMakeTmp'
Building C object CMakeFiles/cmTC_77a44.dir/feature_tests.c.o
/usr/bin/cc   -std=c99 -o CMakeFiles/cmTC_77a44.dir/feature_tests.c.o   -c /run/media/netpipe/df7f53ef-2a98-4562-a498-7da578dab660/Dev/libs/Scripting/emsdk/emscripten-projects/libs/Ogg/CMakeFiles/feature_tests.c
Linking C executable cmTC_77a44
/usr/bin/cmake -E cmake_link_script CMakeFiles/cmTC_77a44.dir/link.txt --verbose=1
/usr/bin/cc      -rdynamic CMakeFiles/cmTC_77a44.dir/feature_tests.c.o  -o cmTC_77a44 
gmake[1]: Leaving directory '/run/media/netpipe/df7f53ef-2a98-4562-a498-7da578dab660/Dev/libs/Scripting/emsdk/emscripten-projects/libs/Ogg/CMakeFiles/CMakeTmp'


    Feature record: C_FEATURE:1c_function_prototypes
    Feature record: C_FEATURE:1c_restrict
    Feature record: C_FEATURE:0c_static_assert
    Feature record: C_FEATURE:1c_variadic_macros


Detecting C [-std=c90] compiler features compiled with the following output:
Change Dir: /run/media/netpipe/df7f53ef-2a98-4562-a498-7da578dab660/Dev/libs/Scripting/emsdk/emscripten-projects/libs/Ogg/CMakeFiles/CMakeTmp

Run Build Command:"/usr/bin/gmake" "cmTC_d3722/fast"
/usr/bin/gmake -f CMakeFiles/cmTC_d3722.dir/build.make CMakeFiles/cmTC_d3722.dir/build
gmake[1]: Entering directory '/run/media/netpipe/df7f53ef-2a98-4562-a498-7da578dab660/Dev/libs/Scripting/emsdk/emscripten-projects/libs/Ogg/CMakeFiles/CMakeTmp'
Building C object CMakeFiles/cmTC_d3722.dir/feature_tests.c.o
/usr/bin/cc   -std=c90 -o CMakeFiles/cmTC_d3722.dir/feature_tests.c.o   -c /run/media/netpipe/df7f53ef-2a98-4562-a498-7da578dab660/Dev/libs/Scripting/emsdk/emscripten-projects/libs/Ogg/CMakeFiles/feature_tests.c
Linking C executable cmTC_d3722
/usr/bin/cmake -E cmake_link_script CMakeFiles/cmTC_d3722.dir/link.txt --verbose=1
/usr/bin/cc      -rdynamic CMakeFiles/cmTC_d3722.dir/feature_tests.c.o  -o cmTC_d3722 
gmake[1]: Leaving directory '/run/media/netpipe/df7f53ef-2a98-4562-a498-7da578dab660/Dev/libs/Scripting/emsdk/emscripten-projects/libs/Ogg/CMakeFiles/CMakeTmp'


    Feature record: C_FEATURE:1c_function_prototypes
    Feature record: C_FEATURE:0c_restrict
    Feature record: C_FEATURE:0c_static_assert
    Feature record: C_FEATURE:0c_variadic_macros
Determining if the CXX compiler works passed with the following output:
Change Dir: /run/media/netpipe/df7f53ef-2a98-4562-a498-7da578dab660/Dev/libs/Scripting/emsdk/emscripten-projects/libs/Ogg/CMakeFiles/CMakeTmp

Run Build Command:"/usr/bin/gmake" "cmTC_5f939/fast"
/usr/bin/gmake -f CMakeFiles/cmTC_5f939.dir/build.make CMakeFiles/cmTC_5f939.dir/build
gmake[1]: Entering directory '/run/media/netpipe/df7f53ef-2a98-4562-a498-7da578dab660/Dev/libs/Scripting/emsdk/emscripten-projects/libs/Ogg/CMakeFiles/CMakeTmp'
Building CXX object CMakeFiles/cmTC_5f939.dir/testCXXCompiler.cxx.o
/usr/bin/c++     -o CMakeFiles/cmTC_5f939.dir/testCXXCompiler.cxx.o -c /run/media/netpipe/df7f53ef-2a98-4562-a498-7da578dab660/Dev/libs/Scripting/emsdk/emscripten-projects/libs/Ogg/CMakeFiles/CMakeTmp/testCXXCompiler.cxx
Linking CXX executable cmTC_5f939
/usr/bin/cmake -E cmake_link_script CMakeFiles/cmTC_5f939.dir/link.txt --verbose=1
/usr/bin/c++       -rdynamic CMakeFiles/cmTC_5f939.dir/testCXXCompiler.cxx.o  -o cmTC_5f939 
gmake[1]: Leaving directory '/run/media/netpipe/df7f53ef-2a98-4562-a498-7da578dab660/Dev/libs/Scripting/emsdk/emscripten-projects/libs/Ogg/CMakeFiles/CMakeTmp'


Detecting CXX compiler ABI info compiled with the following output:
Change Dir: /run/media/netpipe/df7f53ef-2a98-4562-a498-7da578dab660/Dev/libs/Scripting/emsdk/emscripten-projects/libs/Ogg/CMakeFiles/CMakeTmp

Run Build Command:"/usr/bin/gmake" "cmTC_d4f19/fast"
/usr/bin/gmake -f CMakeFiles/cmTC_d4f19.dir/build.make CMakeFiles/cmTC_d4f19.dir/build
gmake[1]: Entering directory '/run/media/netpipe/df7f53ef-2a98-4562-a498-7da578dab660/Dev/libs/Scripting/emsdk/emscripten-projects/libs/Ogg/CMakeFiles/CMakeTmp'
Building CXX object CMakeFiles/cmTC_d4f19.dir/CMakeCXXCompilerABI.cpp.o
/usr/bin/c++     -o CMakeFiles/cmTC_d4f19.dir/CMakeCXXCompilerABI.cpp.o -c /usr/share/cmake/Modules/CMakeCXXCompilerABI.cpp
Linking CXX executable cmTC_d4f19
/usr/bin/cmake -E cmake_link_script CMakeFiles/cmTC_d4f19.dir/link.txt --verbose=1
/usr/bin/c++      -v -rdynamic CMakeFiles/cmTC_d4f19.dir/CMakeCXXCompilerABI.cpp.o  -o cmTC_d4f19 
Using built-in specs.
COLLECT_GCC=/usr/bin/c++
COLLECT_LTO_WRAPPER=/usr/lib64/gcc/x86_64-suse-linux/7/lto-wrapper
OFFLOAD_TARGET_NAMES=hsa:nvptx-none
Target: x86_64-suse-linux
Configured with: ../configure --prefix=/usr --infodir=/usr/share/info --mandir=/usr/share/man --libdir=/usr/lib64 --libexecdir=/usr/lib64 --enable-languages=c,c++,objc,fortran,obj-c++,ada,go --enable-offload-targets=hsa,nvptx-none=/usr/nvptx-none, --without-cuda-driver --enable-checking=release --disable-werror --with-gxx-include-dir=/usr/include/c++/7 --enable-ssp --disable-libssp --disable-libvtv --disable-libcc1 --disable-plugin --with-bugurl=https://bugs.opensuse.org/ --with-pkgversion='SUSE Linux' --with-slibdir=/lib64 --with-system-zlib --enable-libstdcxx-allocator=new --disable-libstdcxx-pch --enable-version-specific-runtime-libs --with-gcc-major-version-only --enable-linker-build-id --enable-linux-futex --enable-gnu-indirect-function --program-suffix=-7 --without-system-libunwind --enable-multilib --with-arch-32=x86-64 --with-tune=generic --build=x86_64-suse-linux --host=x86_64-suse-linux
Thread model: posix
gcc version 7.4.1 20190905 [gcc-7-branch revision 275407] (SUSE Linux) 
COMPILER_PATH=/usr/lib64/gcc/x86_64-suse-linux/7/:/usr/lib64/gcc/x86_64-suse-linux/7/:/usr/lib64/gcc/x86_64-suse-linux/:/usr/lib64/gcc/x86_64-suse-linux/7/:/usr/lib64/gcc/x86_64-suse-linux/:/usr/lib64/gcc/x86_64-suse-linux/7/../../../../x86_64-suse-linux/bin/
LIBRARY_PATH=/usr/lib64/gcc/x86_64-suse-linux/7/:/usr/lib64/gcc/x86_64-suse-linux/7/../../../../lib64/:/lib/../lib64/:/usr/lib/../lib64/:/usr/lib64/gcc/x86_64-suse-linux/7/../../../../x86_64-suse-linux/lib/:/usr/lib64/gcc/x86_64-suse-linux/7/../../../:/lib/:/usr/lib/
COLLECT_GCC_OPTIONS='-v' '-rdynamic' '-o' 'cmTC_d4f19' '-shared-libgcc' '-mtune=generic' '-march=x86-64'
 /usr/lib64/gcc/x86_64-suse-linux/7/collect2 -plugin /usr/lib64/gcc/x86_64-suse-linux/7/liblto_plugin.so -plugin-opt=/usr/lib64/gcc/x86_64-suse-linux/7/lto-wrapper -plugin-opt=-fresolution=/tmp/ccIBsnTQ.res -plugin-opt=-pass-through=-lgcc_s -plugin-opt=-pass-through=-lgcc -plugin-opt=-pass-through=-lc -plugin-opt=-pass-through=-lgcc_s -plugin-opt=-pass-through=-lgcc --build-id --eh-frame-hdr -m elf_x86_64 -export-dynamic -dynamic-linker /lib64/ld-linux-x86-64.so.2 -o cmTC_d4f19 /usr/lib64/gcc/x86_64-suse-linux/7/../../../../lib64/crt1.o /usr/lib64/gcc/x86_64-suse-linux/7/../../../../lib64/crti.o /usr/lib64/gcc/x86_64-suse-linux/7/crtbegin.o -L/usr/lib64/gcc/x86_64-suse-linux/7 -L/usr/lib64/gcc/x86_64-suse-linux/7/../../../../lib64 -L/lib/../lib64 -L/usr/lib/../lib64 -L/usr/lib64/gcc/x86_64-suse-linux/7/../../../../x86_64-suse-linux/lib -L/usr/lib64/gcc/x86_64-suse-linux/7/../../.. CMakeFiles/cmTC_d4f19.dir/CMakeCXXCompilerABI.cpp.o -lstdc++ -lm -lgcc_s -lgcc -lc -lgcc_s -lgcc /usr/lib64/gcc/x86_64-suse-linux/7/crtend.o /usr/lib64/gcc/x86_64-suse-linux/7/../../../../lib64/crtn.o
COLLECT_GCC_OPTIONS='-v' '-rdynamic' '-o' 'cmTC_d4f19' '-shared-libgcc' '-mtune=generic' '-march=x86-64'
gmake[1]: Leaving directory '/run/media/netpipe/df7f53ef-2a98-4562-a498-7da578dab660/Dev/libs/Scripting/emsdk/emscripten-projects/libs/Ogg/CMakeFiles/CMakeTmp'


Parsed CXX implicit link information from above output:
  link line regex: [^( *|.*[/\])(ld|CMAKE_LINK_STARTFILE-NOTFOUND|([^/\]+-)?ld|collect2)[^/\]*( |$)]
  ignore line: [Change Dir: /run/media/netpipe/df7f53ef-2a98-4562-a498-7da578dab660/Dev/libs/Scripting/emsdk/emscripten-projects/libs/Ogg/CMakeFiles/CMakeTmp]
  ignore line: []
  ignore line: [Run Build Command:"/usr/bin/gmake" "cmTC_d4f19/fast"]
  ignore line: [/usr/bin/gmake -f CMakeFiles/cmTC_d4f19.dir/build.make CMakeFiles/cmTC_d4f19.dir/build]
  ignore line: [gmake[1]: Entering directory '/run/media/netpipe/df7f53ef-2a98-4562-a498-7da578dab660/Dev/libs/Scripting/emsdk/emscripten-projects/libs/Ogg/CMakeFiles/CMakeTmp']
  ignore line: [Building CXX object CMakeFiles/cmTC_d4f19.dir/CMakeCXXCompilerABI.cpp.o]
  ignore line: [/usr/bin/c++     -o CMakeFiles/cmTC_d4f19.dir/CMakeCXXCompilerABI.cpp.o -c /usr/share/cmake/Modules/CMakeCXXCompilerABI.cpp]
  ignore line: [Linking CXX executable cmTC_d4f19]
  ignore line: [/usr/bin/cmake -E cmake_link_script CMakeFiles/cmTC_d4f19.dir/link.txt --verbose=1]
  ignore line: [/usr/bin/c++      -v -rdynamic CMakeFiles/cmTC_d4f19.dir/CMakeCXXCompilerABI.cpp.o  -o cmTC_d4f19 ]
  ignore line: [Using built-in specs.]
  ignore line: [COLLECT_GCC=/usr/bin/c++]
  ignore line: [COLLECT_LTO_WRAPPER=/usr/lib64/gcc/x86_64-suse-linux/7/lto-wrapper]
  ignore line: [OFFLOAD_TARGET_NAMES=hsa:nvptx-none]
  ignore line: [Target: x86_64-suse-linux]
  ignore line: [Configured with: ../configure --prefix=/usr --infodir=/usr/share/info --mandir=/usr/share/man --libdir=/usr/lib64 --libexecdir=/usr/lib64 --enable-languages=c,c++,objc,fortran,obj-c++,ada,go --enable-offload-targets=hsa,nvptx-none=/usr/nvptx-none, --without-cuda-driver --enable-checking=release --disable-werror --with-gxx-include-dir=/usr/include/c++/7 --enable-ssp --disable-libssp --disable-libvtv --disable-libcc1 --disable-plugin --with-bugurl=https://bugs.opensuse.org/ --with-pkgversion='SUSE Linux' --with-slibdir=/lib64 --with-system-zlib --enable-libstdcxx-allocator=new --disable-libstdcxx-pch --enable-version-specific-runtime-libs --with-gcc-major-version-only --enable-linker-build-id --enable-linux-futex --enable-gnu-indirect-function --program-suffix=-7 --without-system-libunwind --enable-multilib --with-arch-32=x86-64 --with-tune=generic --build=x86_64-suse-linux --host=x86_64-suse-linux]
  ignore line: [Thread model: posix]
  ignore line: [gcc version 7.4.1 20190905 [gcc-7-branch revision 275407] (SUSE Linux) ]
  ignore line: [COMPILER_PATH=/usr/lib64/gcc/x86_64-suse-linux/7/:/usr/lib64/gcc/x86_64-suse-linux/7/:/usr/lib64/gcc/x86_64-suse-linux/:/usr/lib64/gcc/x86_64-suse-linux/7/:/usr/lib64/gcc/x86_64-suse-linux/:/usr/lib64/gcc/x86_64-suse-linux/7/../../../../x86_64-suse-linux/bin/]
  ignore line: [LIBRARY_PATH=/usr/lib64/gcc/x86_64-suse-linux/7/:/usr/lib64/gcc/x86_64-suse-linux/7/../../../../lib64/:/lib/../lib64/:/usr/lib/../lib64/:/usr/lib64/gcc/x86_64-suse-linux/7/../../../../x86_64-suse-linux/lib/:/usr/lib64/gcc/x86_64-suse-linux/7/../../../:/lib/:/usr/lib/]
  ignore line: [COLLECT_GCC_OPTIONS='-v' '-rdynamic' '-o' 'cmTC_d4f19' '-shared-libgcc' '-mtune=generic' '-march=x86-64']
  link line: [ /usr/lib64/gcc/x86_64-suse-linux/7/collect2 -plugin /usr/lib64/gcc/x86_64-suse-linux/7/liblto_plugin.so -plugin-opt=/usr/lib64/gcc/x86_64-suse-linux/7/lto-wrapper -plugin-opt=-fresolution=/tmp/ccIBsnTQ.res -plugin-opt=-pass-through=-lgcc_s -plugin-opt=-pass-through=-lgcc -plugin-opt=-pass-through=-lc -plugin-opt=-pass-through=-lgcc_s -plugin-opt=-pass-through=-lgcc --build-id --eh-frame-hdr -m elf_x86_64 -export-dynamic -dynamic-linker /lib64/ld-linux-x86-64.so.2 -o cmTC_d4f19 /usr/lib64/gcc/x86_64-suse-linux/7/../../../../lib64/crt1.o /usr/lib64/gcc/x86_64-suse-linux/7/../../../../lib64/crti.o /usr/lib64/gcc/x86_64-suse-linux/7/crtbegin.o -L/usr/lib64/gcc/x86_64-suse-linux/7 -L/usr/lib64/gcc/x86_64-suse-linux/7/../../../../lib64 -L/lib/../lib64 -L/usr/lib/../lib64 -L/usr/lib64/gcc/x86_64-suse-linux/7/../../../../x86_64-suse-linux/lib -L/usr/lib64/gcc/x86_64-suse-linux/7/../../.. CMakeFiles/cmTC_d4f19.dir/CMakeCXXCompilerABI.cpp.o -lstdc++ -lm -lgcc_s -lgcc -lc -lgcc_s -lgcc /usr/lib64/gcc/x86_64-suse-linux/7/crtend.o /usr/lib64/gcc/x86_64-suse-linux/7/../../../../lib64/crtn.o]
    arg [/usr/lib64/gcc/x86_64-suse-linux/7/collect2] ==> ignore
    arg [-plugin] ==> ignore
    arg [/usr/lib64/gcc/x86_64-suse-linux/7/liblto_plugin.so] ==> ignore
    arg [-plugin-opt=/usr/lib64/gcc/x86_64-suse-linux/7/lto-wrapper] ==> ignore
    arg [-plugin-opt=-fresolution=/tmp/ccIBsnTQ.res] ==> ignore
    arg [-plugin-opt=-pass-through=-lgcc_s] ==> ignore
    arg [-plugin-opt=-pass-through=-lgcc] ==> ignore
    arg [-plugin-opt=-pass-through=-lc] ==> ignore
    arg [-plugin-opt=-pass-through=-lgcc_s] ==> ignore
    arg [-plugin-opt=-pass-through=-lgcc] ==> ignore
    arg [--build-id] ==> ignore
    arg [--eh-frame-hdr] ==> ignore
    arg [-m] ==> ignore
    arg [elf_x86_64] ==> ignore
    arg [-export-dynamic] ==> ignore
    arg [-dynamic-linker] ==> ignore
    arg [/lib64/ld-linux-x86-64.so.2] ==> ignore
    arg [-o] ==> ignore
    arg [cmTC_d4f19] ==> ignore
    arg [/usr/lib64/gcc/x86_64-suse-linux/7/../../../../lib64/crt1.o] ==> ignore
    arg [/usr/lib64/gcc/x86_64-suse-linux/7/../../../../lib64/crti.o] ==> ignore
    arg [/usr/lib64/gcc/x86_64-suse-linux/7/crtbegin.o] ==> ignore
    arg [-L/usr/lib64/gcc/x86_64-suse-linux/7] ==> dir [/usr/lib64/gcc/x86_64-suse-linux/7]
    arg [-L/usr/lib64/gcc/x86_64-suse-linux/7/../../../../lib64] ==> dir [/usr/lib64/gcc/x86_64-suse-linux/7/../../../../lib64]
    arg [-L/lib/../lib64] ==> dir [/lib/../lib64]
    arg [-L/usr/lib/../lib64] ==> dir [/usr/lib/../lib64]
    arg [-L/usr/lib64/gcc/x86_64-suse-linux/7/../../../../x86_64-suse-linux/lib] ==> dir [/usr/lib64/gcc/x86_64-suse-linux/7/../../../../x86_64-suse-linux/lib]
    arg [-L/usr/lib64/gcc/x86_64-suse-linux/7/../../..] ==> dir [/usr/lib64/gcc/x86_64-suse-linux/7/../../..]
    arg [CMakeFiles/cmTC_d4f19.dir/CMakeCXXCompilerABI.cpp.o] ==> ignore
    arg [-lstdc++] ==> lib [stdc++]
    arg [-lm] ==> lib [m]
    arg [-lgcc_s] ==> lib [gcc_s]
    arg [-lgcc] ==> lib [gcc]
    arg [-lc] ==> lib [c]
    arg [-lgcc_s] ==> lib [gcc_s]
    arg [-lgcc] ==> lib [gcc]
    arg [/usr/lib64/gcc/x86_64-suse-linux/7/crtend.o] ==> ignore
    arg [/usr/lib64/gcc/x86_64-suse-linux/7/../../../../lib64/crtn.o] ==> ignore
  collapse library dir [/usr/lib64/gcc/x86_64-suse-linux/7] ==> [/usr/lib64/gcc/x86_64-suse-linux/7]
  collapse library dir [/usr/lib64/gcc/x86_64-suse-linux/7/../../../../lib64] ==> [/usr/lib64]
  collapse library dir [/lib/../lib64] ==> [/lib64]
  collapse library dir [/usr/lib/../lib64] ==> [/usr/lib64]
  collapse library dir [/usr/lib64/gcc/x86_64-suse-linux/7/../../../../x86_64-suse-linux/lib] ==> [/usr/x86_64-suse-linux/lib]
  collapse library dir [/usr/lib64/gcc/x86_64-suse-linux/7/../../..] ==> [/usr/lib64]
  implicit libs: [stdc++;m;gcc_s;gcc;c;gcc_s;gcc]
  implicit dirs: [/usr/lib64/gcc/x86_64-suse-linux/7;/usr/lib64;/lib64;/usr/x86_64-suse-linux/lib]
  implicit fwks: []




Detecting CXX [-std=c++1z] compiler features compiled with the following output:
Change Dir: /run/media/netpipe/df7f53ef-2a98-4562-a498-7da578dab660/Dev/libs/Scripting/emsdk/emscripten-projects/libs/Ogg/CMakeFiles/CMakeTmp

Run Build Command:"/usr/bin/gmake" "cmTC_8eac0/fast"
/usr/bin/gmake -f CMakeFiles/cmTC_8eac0.dir/build.make CMakeFiles/cmTC_8eac0.dir/build
gmake[1]: Entering directory '/run/media/netpipe/df7f53ef-2a98-4562-a498-7da578dab660/Dev/libs/Scripting/emsdk/emscripten-projects/libs/Ogg/CMakeFiles/CMakeTmp'
Building CXX object CMakeFiles/cmTC_8eac0.dir/feature_tests.cxx.o
/usr/bin/c++    -std=c++1z -o CMakeFiles/cmTC_8eac0.dir/feature_tests.cxx.o -c /run/media/netpipe/df7f53ef-2a98-4562-a498-7da578dab660/Dev/libs/Scripting/emsdk/emscripten-projects/libs/Ogg/CMakeFiles/feature_tests.cxx
Linking CXX executable cmTC_8eac0
/usr/bin/cmake -E cmake_link_script CMakeFiles/cmTC_8eac0.dir/link.txt --verbose=1
/usr/bin/c++       -rdynamic CMakeFiles/cmTC_8eac0.dir/feature_tests.cxx.o  -o cmTC_8eac0 
gmake[1]: Leaving directory '/run/media/netpipe/df7f53ef-2a98-4562-a498-7da578dab660/Dev/libs/Scripting/emsdk/emscripten-projects/libs/Ogg/CMakeFiles/CMakeTmp'


    Feature record: CXX_FEATURE:1cxx_aggregate_default_initializers
    Feature record: CXX_FEATURE:1cxx_alias_templates
    Feature record: CXX_FEATURE:1cxx_alignas
    Feature record: CXX_FEATURE:1cxx_alignof
    Feature record: CXX_FEATURE:1cxx_attributes
    Feature record: CXX_FEATURE:1cxx_attribute_deprecated
    Feature record: CXX_FEATURE:1cxx_auto_type
    Feature record: CXX_FEATURE:1cxx_binary_literals
    Feature record: CXX_FEATURE:1cxx_constexpr
    Feature record: CXX_FEATURE:1cxx_contextual_conversions
    Feature record: CXX_FEATURE:1cxx_decltype
    Feature record: CXX_FEATURE:1cxx_decltype_auto
    Feature record: CXX_FEATURE:1cxx_decltype_incomplete_return_types
    Feature record: CXX_FEATURE:1cxx_default_function_template_args
    Feature record: CXX_FEATURE:1cxx_defaulted_functions
    Feature record: CXX_FEATURE:1cxx_defaulted_move_initializers
    Feature record: CXX_FEATURE:1cxx_delegating_constructors
    Feature record: CXX_FEATURE:1cxx_deleted_functions
    Feature record: CXX_FEATURE:1cxx_digit_separators
    Feature record: CXX_FEATURE:1cxx_enum_forward_declarations
    Feature record: CXX_FEATURE:1cxx_explicit_conversions
    Feature record: CXX_FEATURE:1cxx_extended_friend_declarations
    Feature record: CXX_FEATURE:1cxx_extern_templates
    Feature record: CXX_FEATURE:1cxx_final
    Feature record: CXX_FEATURE:1cxx_func_identifier
    Feature record: CXX_FEATURE:1cxx_generalized_initializers
    Feature record: CXX_FEATURE:1cxx_generic_lambdas
    Feature record: CXX_FEATURE:1cxx_inheriting_constructors
    Feature record: CXX_FEATURE:1cxx_inline_namespaces
    Feature record: CXX_FEATURE:1cxx_lambdas
    Feature record: CXX_FEATURE:1cxx_lambda_init_captures
    Feature record: CXX_FEATURE:1cxx_local_type_template_args
    Feature record: CXX_FEATURE:1cxx_long_long_type
    Feature record: CXX_FEATURE:1cxx_noexcept
    Feature record: CXX_FEATURE:1cxx_nonstatic_member_init
    Feature record: CXX_FEATURE:1cxx_nullptr
    Feature record: CXX_FEATURE:1cxx_override
    Feature record: CXX_FEATURE:1cxx_range_for
    Feature record: CXX_FEATURE:1cxx_raw_string_literals
    Feature record: CXX_FEATURE:1cxx_reference_qualified_functions
    Feature record: CXX_FEATURE:1cxx_relaxed_constexpr
    Feature record: CXX_FEATURE:1cxx_return_type_deduction
    Feature record: CXX_FEATURE:1cxx_right_angle_brackets
    Feature record: CXX_FEATURE:1cxx_rvalue_references
    Feature record: CXX_FEATURE:1cxx_sizeof_member
    Feature record: CXX_FEATURE:1cxx_static_assert
    Feature record: CXX_FEATURE:1cxx_strong_enums
    Feature record: CXX_FEATURE:1cxx_template_template_parameters
    Feature record: CXX_FEATURE:1cxx_thread_local
    Feature record: CXX_FEATURE:1cxx_trailing_return_types
    Feature record: CXX_FEATURE:1cxx_unicode_literals
    Feature record: CXX_FEATURE:1cxx_uniform_initialization
    Feature record: CXX_FEATURE:1cxx_unrestricted_unions
    Feature record: CXX_FEATURE:1cxx_user_literals
    Feature record: CXX_FEATURE:1cxx_variable_templates
    Feature record: CXX_FEATURE:1cxx_variadic_macros
    Feature record: CXX_FEATURE:1cxx_variadic_templates


Detecting CXX [-std=c++14] compiler features compiled with the following output:
Change Dir: /run/media/netpipe/df7f53ef-2a98-4562-a498-7da578dab660/Dev/libs/Scripting/emsdk/emscripten-projects/libs/Ogg/CMakeFiles/CMakeTmp

Run Build Command:"/usr/bin/gmake" "cmTC_478b4/fast"
/usr/bin/gmake -f CMakeFiles/cmTC_478b4.dir/build.make CMakeFiles/cmTC_478b4.dir/build
gmake[1]: Entering directory '/run/media/netpipe/df7f53ef-2a98-4562-a498-7da578dab660/Dev/libs/Scripting/emsdk/emscripten-projects/libs/Ogg/CMakeFiles/CMakeTmp'
Building CXX object CMakeFiles/cmTC_478b4.dir/feature_tests.cxx.o
/usr/bin/c++    -std=c++14 -o CMakeFiles/cmTC_478b4.dir/feature_tests.cxx.o -c /run/media/netpipe/df7f53ef-2a98-4562-a498-7da578dab660/Dev/libs/Scripting/emsdk/emscripten-projects/libs/Ogg/CMakeFiles/feature_tests.cxx
Linking CXX executable cmTC_478b4
/usr/bin/cmake -E cmake_link_script CMakeFiles/cmTC_478b4.dir/link.txt --verbose=1
/usr/bin/c++       -rdynamic CMakeFiles/cmTC_478b4.dir/feature_tests.cxx.o  -o cmTC_478b4 
gmake[1]: Leaving directory '/run/media/netpipe/df7f53ef-2a98-4562-a498-7da578dab660/Dev/libs/Scripting/emsdk/emscripten-projects/libs/Ogg/CMakeFiles/CMakeTmp'


    Feature record: CXX_FEATURE:1cxx_aggregate_default_initializers
    Feature record: CXX_FEATURE:1cxx_alias_templates
    Feature record: CXX_FEATURE:1cxx_alignas
    Feature record: CXX_FEATURE:1cxx_alignof
    Feature record: CXX_FEATURE:1cxx_attributes
    Feature record: CXX_FEATURE:1cxx_attribute_deprecated
    Feature record: CXX_FEATURE:1cxx_auto_type
    Feature record: CXX_FEATURE:1cxx_binary_literals
    Feature record: CXX_FEATURE:1cxx_constexpr
    Feature record: CXX_FEATURE:1cxx_contextual_conversions
    Feature record: CXX_FEATURE:1cxx_decltype
    Feature record: CXX_FEATURE:1cxx_decltype_auto
    Feature record: CXX_FEATURE:1cxx_decltype_incomplete_return_types
    Feature record: CXX_FEATURE:1cxx_default_function_template_args
    Feature record: CXX_FEATURE:1cxx_defaulted_functions
    Feature record: CXX_FEATURE:1cxx_defaulted_move_initializers
    Feature record: CXX_FEATURE:1cxx_delegating_constructors
    Feature record: CXX_FEATURE:1cxx_deleted_functions
    Feature record: CXX_FEATURE:1cxx_digit_separators
    Feature record: CXX_FEATURE:1cxx_enum_forward_declarations
    Feature record: CXX_FEATURE:1cxx_explicit_conversions
    Feature record: CXX_FEATURE:1cxx_extended_friend_declarations
    Feature record: CXX_FEATURE:1cxx_extern_templates
    Feature record: CXX_FEATURE:1cxx_final
    Feature record: CXX_FEATURE:1cxx_func_identifier
    Feature record: CXX_FEATURE:1cxx_generalized_initializers
    Feature record: CXX_FEATURE:1cxx_generic_lambdas
    Feature record: CXX_FEATURE:1cxx_inheriting_constructors
    Feature record: CXX_FEATURE:1cxx_inline_namespaces
    Feature record: CXX_FEATURE:1cxx_lambdas
    Feature record: CXX_FEATURE:1cxx_lambda_init_captures
    Feature record: CXX_FEATURE:1cxx_local_type_template_args
    Feature record: CXX_FEATURE:1cxx_long_long_type
    Feature record: CXX_FEATURE:1cxx_noexcept
    Feature record: CXX_FEATURE:1cxx_nonstatic_member_init
    Feature record: CXX_FEATURE:1cxx_nullptr
    Feature record: CXX_FEATURE:1cxx_override
    Feature record: CXX_FEATURE:1cxx_range_for
    Feature record: CXX_FEATURE:1cxx_raw_string_literals
    Feature record: CXX_FEATURE:1cxx_reference_qualified_functions
    Feature record: CXX_FEATURE:1cxx_relaxed_constexpr
    Feature record: CXX_FEATURE:1cxx_return_type_deduction
    Feature record: CXX_FEATURE:1cxx_right_angle_brackets
    Feature record: CXX_FEATURE:1cxx_rvalue_references
    Feature record: CXX_FEATURE:1cxx_sizeof_member
    Feature record: CXX_FEATURE:1cxx_static_assert
    Feature record: CXX_FEATURE:1cxx_strong_enums
    Feature record: CXX_FEATURE:1cxx_template_template_parameters
    Feature record: CXX_FEATURE:1cxx_thread_local
    Feature record: CXX_FEATURE:1cxx_trailing_return_types
    Feature record: CXX_FEATURE:1cxx_unicode_literals
    Feature record: CXX_FEATURE:1cxx_uniform_initialization
    Feature record: CXX_FEATURE:1cxx_unrestricted_unions
    Feature record: CXX_FEATURE:1cxx_user_literals
    Feature record: CXX_FEATURE:1cxx_variable_templates
    Feature record: CXX_FEATURE:1cxx_variadic_macros
    Feature record: CXX_FEATURE:1cxx_variadic_templates


Detecting CXX [-std=c++11] compiler features compiled with the following output:
Change Dir: /run/media/netpipe/df7f53ef-2a98-4562-a498-7da578dab660/Dev/libs/Scripting/emsdk/emscripten-projects/libs/Ogg/CMakeFiles/CMakeTmp

Run Build Command:"/usr/bin/gmake" "cmTC_4a91d/fast"
/usr/bin/gmake -f CMakeFiles/cmTC_4a91d.dir/build.make CMakeFiles/cmTC_4a91d.dir/build
gmake[1]: Entering directory '/run/media/netpipe/df7f53ef-2a98-4562-a498-7da578dab660/Dev/libs/Scripting/emsdk/emscripten-projects/libs/Ogg/CMakeFiles/CMakeTmp'
Building CXX object CMakeFiles/cmTC_4a91d.dir/feature_tests.cxx.o
/usr/bin/c++    -std=c++11 -o CMakeFiles/cmTC_4a91d.dir/feature_tests.cxx.o -c /run/media/netpipe/df7f53ef-2a98-4562-a498-7da578dab660/Dev/libs/Scripting/emsdk/emscripten-projects/libs/Ogg/CMakeFiles/feature_tests.cxx
Linking CXX executable cmTC_4a91d
/usr/bin/cmake -E cmake_link_script CMakeFiles/cmTC_4a91d.dir/link.txt --verbose=1
/usr/bin/c++       -rdynamic CMakeFiles/cmTC_4a91d.dir/feature_tests.cxx.o  -o cmTC_4a91d 
gmake[1]: Leaving directory '/run/media/netpipe/df7f53ef-2a98-4562-a498-7da578dab660/Dev/libs/Scripting/emsdk/emscripten-projects/libs/Ogg/CMakeFiles/CMakeTmp'


    Feature record: CXX_FEATURE:0cxx_aggregate_default_initializers
    Feature record: CXX_FEATURE:1cxx_alias_templates
    Feature record: CXX_FEATURE:1cxx_alignas
    Feature record: CXX_FEATURE:1cxx_alignof
    Feature record: CXX_FEATURE:1cxx_attributes
    Feature record: CXX_FEATURE:0cxx_attribute_deprecated
    Feature record: CXX_FEATURE:1cxx_auto_type
    Feature record: CXX_FEATURE:0cxx_binary_literals
    Feature record: CXX_FEATURE:1cxx_constexpr
    Feature record: CXX_FEATURE:0cxx_contextual_conversions
    Feature record: CXX_FEATURE:1cxx_decltype
    Feature record: CXX_FEATURE:0cxx_decltype_auto
    Feature record: CXX_FEATURE:1cxx_decltype_incomplete_return_types
    Feature record: CXX_FEATURE:1cxx_default_function_template_args
    Feature record: CXX_FEATURE:1cxx_defaulted_functions
    Feature record: CXX_FEATURE:1cxx_defaulted_move_initializers
    Feature record: CXX_FEATURE:1cxx_delegating_constructors
    Feature record: CXX_FEATURE:1cxx_deleted_functions
    Feature record: CXX_FEATURE:0cxx_digit_separators
    Feature record: CXX_FEATURE:1cxx_enum_forward_declarations
    Feature record: CXX_FEATURE:1cxx_explicit_conversions
    Feature record: CXX_FEATURE:1cxx_extended_friend_declarations
    Feature record: CXX_FEATURE:1cxx_extern_templates
    Feature record: CXX_FEATURE:1cxx_final
    Feature record: CXX_FEATURE:1cxx_func_identifier
    Feature record: CXX_FEATURE:1cxx_generalized_initializers
    Feature record: CXX_FEATURE:0cxx_generic_lambdas
    Feature record: CXX_FEATURE:1cxx_inheriting_constructors
    Feature record: CXX_FEATURE:1cxx_inline_namespaces
    Feature record: CXX_FEATURE:1cxx_lambdas
    Feature record: CXX_FEATURE:0cxx_lambda_init_captures
    Feature record: CXX_FEATURE:1cxx_local_type_template_args
    Feature record: CXX_FEATURE:1cxx_long_long_type
    Feature record: CXX_FEATURE:1cxx_noexcept
    Feature record: CXX_FEATURE:1cxx_nonstatic_member_init
    Feature record: CXX_FEATURE:1cxx_nullptr
    Feature record: CXX_FEATURE:1cxx_override
    Feature record: CXX_FEATURE:1cxx_range_for
    Feature record: CXX_FEATURE:1cxx_raw_string_literals
    Feature record: CXX_FEATURE:1cxx_reference_qualified_functions
    Feature record: CXX_FEATURE:0cxx_relaxed_constexpr
    Feature record: CXX_FEATURE:0cxx_return_type_deduction
    Feature record: CXX_FEATURE:1cxx_right_angle_brackets
    Feature record: CXX_FEATURE:1cxx_rvalue_references
    Feature record: CXX_FEATURE:1cxx_sizeof_member
    Feature record: CXX_FEATURE:1cxx_static_assert
    Feature record: CXX_FEATURE:1cxx_strong_enums
    Feature record: CXX_FEATURE:1cxx_template_template_parameters
    Feature record: CXX_FEATURE:1cxx_thread_local
    Feature record: CXX_FEATURE:1cxx_trailing_return_types
    Feature record: CXX_FEATURE:1cxx_unicode_literals
    Feature record: CXX_FEATURE:1cxx_uniform_initialization
    Feature record: CXX_FEATURE:1cxx_unrestricted_unions
    Feature record: CXX_FEATURE:1cxx_user_literals
    Feature record: CXX_FEATURE:0cxx_variable_templates
    Feature record: CXX_FEATURE:1cxx_variadic_macros
    Feature record: CXX_FEATURE:1cxx_variadic_templates


Detecting CXX [-std=c++98] compiler features compiled with the following output:
Change Dir: /run/media/netpipe/df7f53ef-2a98-4562-a498-7da578dab660/Dev/libs/Scripting/emsdk/emscripten-projects/libs/Ogg/CMakeFiles/CMakeTmp

Run Build Command:"/usr/bin/gmake" "cmTC_fda94/fast"
/usr/bin/gmake -f CMakeFiles/cmTC_fda94.dir/build.make CMakeFiles/cmTC_fda94.dir/build
gmake[1]: Entering directory '/run/media/netpipe/df7f53ef-2a98-4562-a498-7da578dab660/Dev/libs/Scripting/emsdk/emscripten-projects/libs/Ogg/CMakeFiles/CMakeTmp'
Building CXX object CMakeFiles/cmTC_fda94.dir/feature_tests.cxx.o
/usr/bin/c++    -std=c++98 -o CMakeFiles/cmTC_fda94.dir/feature_tests.cxx.o -c /run/media/netpipe/df7f53ef-2a98-4562-a498-7da578dab660/Dev/libs/Scripting/emsdk/emscripten-projects/libs/Ogg/CMakeFiles/feature_tests.cxx
Linking CXX executable cmTC_fda94
/usr/bin/cmake -E cmake_link_script CMakeFiles/cmTC_fda94.dir/link.txt --verbose=1
/usr/bin/c++       -rdynamic CMakeFiles/cmTC_fda94.dir/feature_tests.cxx.o  -o cmTC_fda94 
gmake[1]: Leaving directory '/run/media/netpipe/df7f53ef-2a98-4562-a498-7da578dab660/Dev/libs/Scripting/emsdk/emscripten-projects/libs/Ogg/CMakeFiles/CMakeTmp'


    Feature record: CXX_FEATURE:0cxx_aggregate_default_initializers
    Feature record: CXX_FEATURE:0cxx_alias_templates
    Feature record: CXX_FEATURE:0cxx_alignas
    Feature record: CXX_FEATURE:0cxx_alignof
    Feature record: CXX_FEATURE:0cxx_attributes
    Feature record: CXX_FEATURE:0cxx_attribute_deprecated
    Feature record: CXX_FEATURE:0cxx_auto_type
    Feature record: CXX_FEATURE:0cxx_binary_literals
    Feature record: CXX_FEATURE:0cxx_constexpr
    Feature record: CXX_FEATURE:0cxx_contextual_conversions
    Feature record: CXX_FEATURE:0cxx_decltype
    Feature record: CXX_FEATURE:0cxx_decltype_auto
    Feature record: CXX_FEATURE:0cxx_decltype_incomplete_return_types
    Feature record: CXX_FEATURE:0cxx_default_function_template_args
    Feature record: CXX_FEATURE:0cxx_defaulted_functions
    Feature record: CXX_FEATURE:0cxx_defaulted_move_initializers
    Feature record: CXX_FEATURE:0cxx_delegating_constructors
    Feature record: CXX_FEATURE:0cxx_deleted_functions
    Feature record: CXX_FEATURE:0cxx_digit_separators
    Feature record: CXX_FEATURE:0cxx_enum_forward_declarations
    Feature record: CXX_FEATURE:0cxx_explicit_conversions
    Feature record: CXX_FEATURE:0cxx_extended_friend_declarations
    Feature record: CXX_FEATURE:0cxx_extern_templates
    Feature record: CXX_FEATURE:0cxx_final
    Feature record: CXX_FEATURE:0cxx_func_identifier
    Feature record: CXX_FEATURE:0cxx_generalized_initializers
    Feature record: CXX_FEATURE:0cxx_generic_lambdas
    Feature record: CXX_FEATURE:0cxx_inheriting_constructors
    Feature record: CXX_FEATURE:0cxx_inline_namespaces
    Feature record: CXX_FEATURE:0cxx_lambdas
    Feature record: CXX_FEATURE:0cxx_lambda_init_captures
    Feature record: CXX_FEATURE:0cxx_local_type_template_args
    Feature record: CXX_FEATURE:0cxx_long_long_type
    Feature record: CXX_FEATURE:0cxx_noexcept
    Feature record: CXX_FEATURE:0cxx_nonstatic_member_init
    Feature record: CXX_FEATURE:0cxx_nullptr
    Feature record: CXX_FEATURE:0cxx_override
    Feature record: CXX_FEATURE:0cxx_range_for
    Feature record: CXX_FEATURE:0cxx_raw_string_literals
    Feature record: CXX_FEATURE:0cxx_reference_qualified_functions
    Feature record: CXX_FEATURE:0cxx_relaxed_constexpr
    Feature record: CXX_FEATURE:0cxx_return_type_deduction
    Feature record: CXX_FEATURE:0cxx_right_angle_brackets
    Feature record: CXX_FEATURE:0cxx_rvalue_references
    Feature record: CXX_FEATURE:0cxx_sizeof_member
    Feature record: CXX_FEATURE:0cxx_static_assert
    Feature record: CXX_FEATURE:0cxx_strong_enums
    Feature record: CXX_FEATURE:1cxx_template_template_parameters
    Feature record: CXX_FEATURE:0cxx_thread_local
    Feature record: CXX_FEATURE:0cxx_trailing_return_types
    Feature record: CXX_FEATURE:0cxx_unicode_literals
    Feature record: CXX_FEATURE:0cxx_uniform_initialization
    Feature record: CXX_FEATURE:0cxx_unrestricted_unions
    Feature record: CXX_FEATURE:0cxx_user_literals
    Feature record: CXX_FEATURE:0cxx_variable_templates
    Feature record: CXX_FEATURE:0cxx_variadic_macros
    Feature record: CXX_FEATURE:0cxx_variadic_templates
Determining if files inttypes.h exist passed with the following output:
Change Dir: /run/media/netpipe/df7f53ef-2a98-4562-a498-7da578dab660/Dev/libs/Scripting/emsdk/emscripten-projects/libs/Ogg/CMakeFiles/CMakeTmp

Run Build Command:"/usr/bin/gmake" "cmTC_5e2e1/fast"
/usr/bin/gmake -f CMakeFiles/cmTC_5e2e1.dir/build.make CMakeFiles/cmTC_5e2e1.dir/build
gmake[1]: Entering directory '/run/media/netpipe/df7f53ef-2a98-4562-a498-7da578dab660/Dev/libs/Scripting/emsdk/emscripten-projects/libs/Ogg/CMakeFiles/CMakeTmp'
Building C object CMakeFiles/cmTC_5e2e1.dir/CheckIncludeFiles.c.o
/usr/bin/cc    -o CMakeFiles/cmTC_5e2e1.dir/CheckIncludeFiles.c.o   -c /run/media/netpipe/df7f53ef-2a98-4562-a498-7da578dab660/Dev/libs/Scripting/emsdk/emscripten-projects/libs/Ogg/CMakeFiles/CMakeTmp/CheckIncludeFiles.c
Linking C executable cmTC_5e2e1
/usr/bin/cmake -E cmake_link_script CMakeFiles/cmTC_5e2e1.dir/link.txt --verbose=1
/usr/bin/cc      -rdynamic CMakeFiles/cmTC_5e2e1.dir/CheckIncludeFiles.c.o  -o cmTC_5e2e1 
gmake[1]: Leaving directory '/run/media/netpipe/df7f53ef-2a98-4562-a498-7da578dab660/Dev/libs/Scripting/emsdk/emscripten-projects/libs/Ogg/CMakeFiles/CMakeTmp'


Determining if files stdint.h exist passed with the following output:
Change Dir: /run/media/netpipe/df7f53ef-2a98-4562-a498-7da578dab660/Dev/libs/Scripting/emsdk/emscripten-projects/libs/Ogg/CMakeFiles/CMakeTmp

Run Build Command:"/usr/bin/gmake" "cmTC_55fce/fast"
/usr/bin/gmake -f CMakeFiles/cmTC_55fce.dir/build.make CMakeFiles/cmTC_55fce.dir/build
gmake[1]: Entering directory '/run/media/netpipe/df7f53ef-2a98-4562-a498-7da578dab660/Dev/libs/Scripting/emsdk/emscripten-projects/libs/Ogg/CMakeFiles/CMakeTmp'
Building C object CMakeFiles/cmTC_55fce.dir/CheckIncludeFiles.c.o
/usr/bin/cc    -o CMakeFiles/cmTC_55fce.dir/CheckIncludeFiles.c.o   -c /run/media/netpipe/df7f53ef-2a98-4562-a498-7da578dab660/Dev/libs/Scripting/emsdk/emscripten-projects/libs/Ogg/CMakeFiles/CMakeTmp/CheckIncludeFiles.c
Linking C executable cmTC_55fce
/usr/bin/cmake -E cmake_link_script CMakeFiles/cmTC_55fce.dir/link.txt --verbose=1
/usr/bin/cc      -rdynamic CMakeFiles/cmTC_55fce.dir/CheckIncludeFiles.c.o  -o cmTC_55fce 
gmake[1]: Leaving directory '/run/media/netpipe/df7f53ef-2a98-4562-a498-7da578dab660/Dev/libs/Scripting/emsdk/emscripten-projects/libs/Ogg/CMakeFiles/CMakeTmp'


Determining if files sys/types.h exist passed with the following output:
Change Dir: /run/media/netpipe/df7f53ef-2a98-4562-a498-7da578dab660/Dev/libs/Scripting/emsdk/emscripten-projects/libs/Ogg/CMakeFiles/CMakeTmp

Run Build Command:"/usr/bin/gmake" "cmTC_e610e/fast"
/usr/bin/gmake -f CMakeFiles/cmTC_e610e.dir/build.make CMakeFiles/cmTC_e610e.dir/build
gmake[1]: Entering directory '/run/media/netpipe/df7f53ef-2a98-4562-a498-7da578dab660/Dev/libs/Scripting/emsdk/emscripten-projects/libs/Ogg/CMakeFiles/CMakeTmp'
Building C object CMakeFiles/cmTC_e610e.dir/CheckIncludeFiles.c.o
/usr/bin/cc    -o CMakeFiles/cmTC_e610e.dir/CheckIncludeFiles.c.o   -c /run/media/netpipe/df7f53ef-2a98-4562-a498-7da578dab660/Dev/libs/Scripting/emsdk/emscripten-projects/libs/Ogg/CMakeFiles/CMakeTmp/CheckIncludeFiles.c
Linking C executable cmTC_e610e
/usr/bin/cmake -E cmake_link_script CMakeFiles/cmTC_e610e.dir/link.txt --verbose=1
/usr/bin/cc      -rdynamic CMakeFiles/cmTC_e610e.dir/CheckIncludeFiles.c.o  -o cmTC_e610e 
gmake[1]: Leaving directory '/run/media/netpipe/df7f53ef-2a98-4562-a498-7da578dab660/Dev/libs/Scripting/emsdk/emscripten-projects/libs/Ogg/CMakeFiles/CMakeTmp'


