Determining if the Q_WS_WIN exist failed with the following output:
Change Dir: /home/Dev/libs/csg-stuff/polyvox-0.2.1/CMakeFiles/CMakeTmp

Run Build Command:/usr/bin/make "cmTryCompileExec3642853678/fast"
/usr/bin/make -f CMakeFiles/cmTryCompileExec3642853678.dir/build.make CMakeFiles/cmTryCompileExec3642853678.dir/build
make[1]: Entering directory `/home/Dev/libs/csg-stuff/polyvox-0.2.1/CMakeFiles/CMakeTmp'
/usr/bin/cmake -E cmake_progress_report /home/Dev/libs/csg-stuff/polyvox-0.2.1/CMakeFiles/CMakeTmp/CMakeFiles 1
Building CXX object CMakeFiles/cmTryCompileExec3642853678.dir/CheckSymbolExists.cxx.o
/usr/bin/c++    -I/usr/include/qt4    -o CMakeFiles/cmTryCompileExec3642853678.dir/CheckSymbolExists.cxx.o -c /home/Dev/libs/csg-stuff/polyvox-0.2.1/CMakeFiles/CMakeTmp/CheckSymbolExists.cxx
/home/Dev/libs/csg-stuff/polyvox-0.2.1/CMakeFiles/CMakeTmp/CheckSymbolExists.cxx: In function ‘int main(int, char**)’:
/home/Dev/libs/csg-stuff/polyvox-0.2.1/CMakeFiles/CMakeTmp/CheckSymbolExists.cxx:8:19: error: ‘Q_WS_WIN’ was not declared in this scope
make[1]: *** [CMakeFiles/cmTryCompileExec3642853678.dir/CheckSymbolExists.cxx.o] Error 1
make[1]: Leaving directory `/home/Dev/libs/csg-stuff/polyvox-0.2.1/CMakeFiles/CMakeTmp'
make: *** [cmTryCompileExec3642853678/fast] Error 2

File /home/Dev/libs/csg-stuff/polyvox-0.2.1/CMakeFiles/CMakeTmp/CheckSymbolExists.cxx:
/* */
#include <QtCore/qglobal.h>

int main(int argc, char** argv)
{
  (void)argv;
#ifndef Q_WS_WIN
  return ((int*)(&Q_WS_WIN))[argc];
#else
  (void)argc;
  return 0;
#endif
}

Determining if the Q_WS_QWS exist failed with the following output:
Change Dir: /home/Dev/libs/csg-stuff/polyvox-0.2.1/CMakeFiles/CMakeTmp

Run Build Command:/usr/bin/make "cmTryCompileExec860132968/fast"
/usr/bin/make -f CMakeFiles/cmTryCompileExec860132968.dir/build.make CMakeFiles/cmTryCompileExec860132968.dir/build
make[1]: Entering directory `/home/Dev/libs/csg-stuff/polyvox-0.2.1/CMakeFiles/CMakeTmp'
/usr/bin/cmake -E cmake_progress_report /home/Dev/libs/csg-stuff/polyvox-0.2.1/CMakeFiles/CMakeTmp/CMakeFiles 1
Building CXX object CMakeFiles/cmTryCompileExec860132968.dir/CheckSymbolExists.cxx.o
/usr/bin/c++    -I/usr/include/qt4    -o CMakeFiles/cmTryCompileExec860132968.dir/CheckSymbolExists.cxx.o -c /home/Dev/libs/csg-stuff/polyvox-0.2.1/CMakeFiles/CMakeTmp/CheckSymbolExists.cxx
/home/Dev/libs/csg-stuff/polyvox-0.2.1/CMakeFiles/CMakeTmp/CheckSymbolExists.cxx: In function ‘int main(int, char**)’:
/home/Dev/libs/csg-stuff/polyvox-0.2.1/CMakeFiles/CMakeTmp/CheckSymbolExists.cxx:8:19: error: ‘Q_WS_QWS’ was not declared in this scope
make[1]: *** [CMakeFiles/cmTryCompileExec860132968.dir/CheckSymbolExists.cxx.o] Error 1
make[1]: Leaving directory `/home/Dev/libs/csg-stuff/polyvox-0.2.1/CMakeFiles/CMakeTmp'
make: *** [cmTryCompileExec860132968/fast] Error 2

File /home/Dev/libs/csg-stuff/polyvox-0.2.1/CMakeFiles/CMakeTmp/CheckSymbolExists.cxx:
/* */
#include <QtCore/qglobal.h>

int main(int argc, char** argv)
{
  (void)argv;
#ifndef Q_WS_QWS
  return ((int*)(&Q_WS_QWS))[argc];
#else
  (void)argc;
  return 0;
#endif
}

Determining if the Q_WS_MAC exist failed with the following output:
Change Dir: /home/Dev/libs/csg-stuff/polyvox-0.2.1/CMakeFiles/CMakeTmp

Run Build Command:/usr/bin/make "cmTryCompileExec531758841/fast"
/usr/bin/make -f CMakeFiles/cmTryCompileExec531758841.dir/build.make CMakeFiles/cmTryCompileExec531758841.dir/build
make[1]: Entering directory `/home/Dev/libs/csg-stuff/polyvox-0.2.1/CMakeFiles/CMakeTmp'
/usr/bin/cmake -E cmake_progress_report /home/Dev/libs/csg-stuff/polyvox-0.2.1/CMakeFiles/CMakeTmp/CMakeFiles 1
Building CXX object CMakeFiles/cmTryCompileExec531758841.dir/CheckSymbolExists.cxx.o
/usr/bin/c++    -I/usr/include/qt4    -o CMakeFiles/cmTryCompileExec531758841.dir/CheckSymbolExists.cxx.o -c /home/Dev/libs/csg-stuff/polyvox-0.2.1/CMakeFiles/CMakeTmp/CheckSymbolExists.cxx
/home/Dev/libs/csg-stuff/polyvox-0.2.1/CMakeFiles/CMakeTmp/CheckSymbolExists.cxx: In function ‘int main(int, char**)’:
/home/Dev/libs/csg-stuff/polyvox-0.2.1/CMakeFiles/CMakeTmp/CheckSymbolExists.cxx:8:19: error: ‘Q_WS_MAC’ was not declared in this scope
make[1]: *** [CMakeFiles/cmTryCompileExec531758841.dir/CheckSymbolExists.cxx.o] Error 1
make[1]: Leaving directory `/home/Dev/libs/csg-stuff/polyvox-0.2.1/CMakeFiles/CMakeTmp'
make: *** [cmTryCompileExec531758841/fast] Error 2

File /home/Dev/libs/csg-stuff/polyvox-0.2.1/CMakeFiles/CMakeTmp/CheckSymbolExists.cxx:
/* */
#include <QtCore/qglobal.h>

int main(int argc, char** argv)
{
  (void)argv;
#ifndef Q_WS_MAC
  return ((int*)(&Q_WS_MAC))[argc];
#else
  (void)argc;
  return 0;
#endif
}

